0-0 1-8 2-8 3-6 4-8 5-3 6-4 7-5 8-6 9-8 10-5 11-22 12-8 13-12 14-8 15-3 16-3 17-15 18-1 19-24 20-8 21-22 22-15 23-8 24-3 25-17 26-3 27-5 28-27 
0-0 1-1 2-0 3-3 4-0 5-0 6-1 7-0 8-0 9-1 10-4 
0-0 1-1 2-2 3-3 4-2 5-2 6-12 7-24 8-15 9-2 10-10 11-12 12-12 13-13 14-2 15-15 16-15 17-0 18-19 19-2 20-19 21-13 22-16 23-15 24-15 25-8 26-24 
0-0 1-17 2-17 3-17 4-2 5-12 6-11 7-6 8-2 9-13 10-16 11-11 12-6 13-2 14-12 15-11 16-17 17-9 18-10 19-17 
0-0 1-4 2-0 3-24 4-5 5-6 6-7 7-0 8-0 9-0 10-1 11-22 12-24 13-0 14-7 15-11 16-11 17-0 18-24 19-2 20-16 21-16 22-7 23-0 24-7 25-20 26-7 27-22 28-7 29-24 
0-0 1-11 2-0 3-1 4-2 5-3 6-4 7-9 8-8 9-4 10-3 11-4 12-8 13-3 14-4 15-4 16-11 
0-0 1-14 2-13 3-15 4-21 5-11 6-1 7-0 8-6 9-6 10-15 11-0 12-2 13-21 14-0 15-15 16-2 17-1 18-12 19-0 20-1 21-1 22-21 
0-0 1-3 2-0 3-2 4-5 5-7 6-8 7-2 8-13 9-2 10-10 11-8 12-10 13-12 14-15 
0-10 1-6 2-2 3-9 4-10 5-4 6-5 7-6 8-7 9-5 10-9 11-10 12-15 13-12 14-1 15-10 16-10 17-15 18-16 19-10 20-10 21-10 22-14 23-10 24-18 25-10 26-10 27-17 28-20 
0-2 1-3 2-1 3-3 4-2 5-3 
0-16 1-5 2-7 3-10 4-9 5-25 6-11 7-9 8-21 9-9 10-17 11-10 12-14 13-15 14-20 15-21 16-16 17-10 18-22 19-2 20-22 21-22 22-23 23-25 
0-19 1-1 2-19 3-2 4-0 5-9 6-19 7-10 8-9 9-9 10-19 11-14 12-19 13-9 14-9 15-2 16-9 17-10 18-10 19-19 20-10 21-14 22-9 23-4 24-19 
0-2 1-10 2-2 3-7 4-3 5-0 6-2 7-8 8-9 9-10 10-8 11-3 12-13 
0-0 1-12 2-3 3-4 4-5 5-6 6-7 7-0 8-12 9-4 10-8 11-9 12-5 13-5 14-7 15-5 16-5 17-19 18-4 19-19 
0-0 1-0 2-0 3-2 4-2 5-7 6-2 7-2 8-5 9-7 10-2 11-7 12-12 13-9 14-7 15-12 
0-0 1-5 2-13 3-13 4-0 5-13 6-8 7-13 8-5 9-11 10-13 11-3 12-12 13-13 
0-0 1-11 2-1 3-1 4-2 5-9 6-1 7-1 8-9 9-8 10-1 11-9 12-10 13-11 
0-11 1-3 2-5 3-3 4-8 5-3 6-11 7-11 8-11 9-3 10-13 11-11 12-5 13-16 14-4 15-11 16-15 17-11 18-2 19-4 20-2 21-3 22-17 
0-4 1-2 2-7 3-13 4-6 5-11 6-0 7-13 8-2 9-13 10-2 11-15 12-16 13-17 14-17 15-18 
0-0 1-1 2-2 3-3 4-0 5-5 6-7 7-5 8-7 9-5 10-11 11-12 12-13 13-5 14-0 15-5 16-16 
0-3 1-5 2-5 3-1 4-5 5-2 6-3 7-5 8-2 9-5 
0-1 1-3 2-10 3-0 4-7 5-13 6-0 7-10 8-10 9-9 10-0 11-7 12-14 13-15 14-16 
0-0 1-5 2-2 3-5 4-12 5-7 6-5 7-13 8-14 9-14 10-15 11-12 12-13 13-17 14-14 15-24 16-2 17-16 18-23 19-19 20-20 21-24 
0-0 1-1 2-7 3-7 4-7 5-3 6-4 7-1 8-7 
0-0 1-1 2-2 3-12 4-16 5-12 6-8 7-0 8-12 9-18 10-12 11-8 12-0 13-12 14-16 15-11 16-18 
0-13 1-1 2-2 3-13 4-22 5-22 6-3 7-5 8-6 9-13 10-6 11-13 12-8 13-6 14-13 15-6 16-6 17-6 18-8 19-5 20-22 
0-0 1-18 2-3 3-1 4-3 5-1 6-5 7-1 8-7 9-19 10-8 11-3 12-1 13-18 14-5 15-1 16-7 17-18 18-1 19-18 20-1 21-19 
0-0 1-1 2-5 3-1 4-5 5-6 6-5 7-7 8-5 9-22 10-4 11-0 12-22 13-22 14-4 15-5 16-20 17-2 18-4 19-4 20-22 
0-0 1-1 2-9 3-15 4-2 5-3 6-5 7-2 8-3 9-2 10-3 11-10 12-2 13-3 14-0 15-9 16-9 17-9 18-3 19-13 20-15 
0-20 1-23 2-23 3-1 4-3 5-20 6-20 7-12 8-10 9-4 10-10 11-4 12-4 13-8 14-10 15-9 16-20 17-10 18-12 19-10 20-4 21-4 22-10 23-21 24-20 25-15 26-10 27-21 28-16 29-23 
0-0 1-1 2-2 3-2 4-4 5-5 
0-9 1-5 2-11 3-9 4-1 5-21 6-3 7-11 8-9 9-24 10-5 11-8 12-9 13-5 14-12 15-19 16-11 17-9 18-15 19-11 20-8 21-9 22-18 23-25 24-8 25-19 26-0 27-0 28-25 
0-8 1-1 2-2 3-11 4-1 5-5 6-8 7-1 8-7 9-8 10-11 11-1 12-1 13-11 
0-0 1-9 2-11 3-6 4-11 5-4 6-14 7-11 8-11 9-1 10-11 11-11 12-16 13-11 14-15 15-11 16-13 17-12 18-17 
0-3 1-8 2-4 3-2 4-8 5-18 6-6 7-2 8-1 9-2 10-18 11-2 12-6 13-2 14-8 15-8 16-9 17-10 18-11 19-3 20-1 21-11 22-18 23-1 24-8 25-1 26-18 
0-3 1-1 2-21 3-6 4-15 5-5 6-9 7-21 8-19 9-21 10-5 11-14 12-2 13-5 14-9 15-16 16-3 17-21 18-19 19-5 20-20 21-17 22-22 
0-3 1-3 2-3 3-6 4-3 5-3 6-4 7-4 8-4 9-10 10-16 11-4 12-3 13-4 14-16 15-3 16-19 17-4 18-6 19-26 20-20 21-4 22-20 23-3 24-22 25-26 
0-0 1-0 2-2 3-0 4-4 
0-1 1-0 2-3 3-2 4-5 
0-4 1-1 2-2 3-4 4-4 
0-0 1-1 2-1 3-2 
0-0 1-1 2-2 3-0 4-4 
0-0 1-1 2-1 
0-0 1-4 2-0 3-1 4-5 5-5 6-3 
0-0 1-1 2-1 3-1 
0-0 1-4 2-0 3-1 4-5 5-5 6-3 
0-0 1-0 2-0 3-0 
0-0 1-4 2-0 3-1 4-5 5-5 6-3 
0-0 1-1 2-1 3-2 
0-0 1-0 2-0 3-0 
0-0 1-1 2-1 3-1 
0-0 1-0 2-0 3-0 
0-0 1-4 2-0 3-1 4-5 5-5 6-3 
0-0 1-1 2-1 3-1 
0-0 1-0 2-0 3-0 
0-0 1-4 2-0 3-1 4-5 5-5 6-3 
0-0 1-0 2-1 3-2 
0-0 1-1 2-1 3-2 
0-0 1-1 2-1 3-0 
0-0 1-0 2-2 3-0 4-4 
0-0 1-1 2-0 
0-1 1-0 2-3 3-2 4-5 
0-4 1-1 2-2 3-4 4-4 
0-0 1-2 2-11 3-31 4-3 5-4 6-5 7-31 8-17 9-0 10-11 11-31 12-7 13-8 14-0 15-31 16-31 17-31 18-15 19-11 20-31 21-0 22-31 23-4 24-5 25-31 26-17 27-31 28-11 29-0 30-26 31-11 32-52 33-5 34-31 35-30 36-0 37-9 38-35 39-0 40-36 41-0 42-38 43-41 44-40 45-15 46-17 47-11 48-30 49-47 50-11 51-52 52-0 53-31 54-0 55-51 56-50 57-52 
0-1 1-0 2-3 3-2 4-5 5-1 
0-2 1-6 2-2 3-24 4-8 5-19 6-24 7-24 8-24 9-9 10-10 11-11 12-12 13-13 14-2 15-15 16-15 17-11 18-2 19-18 20-19 21-2 22-4 23-11 24-2 25-23 26-24 27-25 28-2 29-27 30-1 31-7 32-33 
0-2 1-68 2-0 3-0 4-2 5-5 6-6 7-7 8-8 9-2 10-13 11-61 12-6 13-16 14-50 15-6 16-7 17-0 18-0 19-6 20-7 21-24 22-24 23-50 24-28 25-7 26-6 27-31 28-0 29-0 30-2 31-13 32-66 33-6 34-39 35-6 36-7 37-24 38-24 39-2 40-68 41-50 42-13 43-7 44-39 45-6 46-7 47-47 48-7 49-62 50-65 51-64 52-2 53-2 54-13 55-67 56-2 57-13 58-50 59-7 60-52 61-53 62-6 63-7 64-57 65-2 66-50 67-58 68-68 
0-5 1-6 2-6 3-8 4-5 5-6 6-6 7-6 8-5 9-1 10-6 11-14 
0-0 1-1 2-2 3-3 4-1 5-2 6-5 7-6 
0-18 1-1 2-2 3-3 4-4 5-2 6-6 7-8 8-4 9-10 10-11 11-2 12-13 13-13 14-17 15-18 16-6 17-20 18-32 19-19 20-23 21-2 22-4 23-18 24-24 25-2 26-8 27-4 28-2 29-6 30-31 31-32 
0-0 1-1 2-2 3-3 4-4 5-5 6-1 7-2 8-3 9-9 10-2 11-3 12-11 13-12 
0-0 1-0 2-43 3-15 4-7 5-2 6-9 7-10 8-11 9-12 10-13 11-13 12-15 13-12 14-16 15-18 16-22 17-18 18-5 19-22 20-15 21-1 22-29 23-45 24-18 25-9 26-12 27-38 28-15 29-12 30-40 31-18 32-22 33-22 34-34 35-35 36-5 37-5 38-12 39-75 40-45 41-12 42-26 43-9 44-12 45-1 46-22 47-5 48-22 49-12 50-30 51-45 52-50 53-9 54-2 55-12 56-22 57-51 58-12 59-45 60-53 61-55 62-58 63-45 64-5 65-59 66-59 67-60 68-75 
0-0 1-1 2-1 3-3 4-4 5-5 6-1 7-2 8-1 9-1 10-7 11-9 
0-0 1-1 2-2 3-0 4-4 5-5 
0-0 1-1 2-13 3-3 4-4 5-16 6-13 7-2 8-5 9-6 10-17 11-9 12-5 13-11 14-16 15-13 16-12 17-16 18-17 19-5 20-1 21-7 22-20 23-1 24-1 25-13 26-22 27-1 28-16 29-17 30-1 31-13 32-8 33-16 34-29 35-30 36-31 
0-0 1-1 2-1 
0-0 1-4 2-0 3-1 4-5 5-5 6-3 7-7 
0-2 1-9 2-12 3-12 4-6 5-2 6-3 7-4 8-5 9-6 10-6 11-2 12-10 13-11 14-12 
0-18 1-1 2-41 3-3 4-4 5-1 6-17 7-6 8-24 9-8 10-21 11-41 12-5 13-14 14-9 15-16 16-21 17-21 18-9 19-2 20-9 21-21 22-5 23-9 24-25 25-5 26-18 27-1 28-32 29-17 30-5 31-18 32-28 33-5 34-40 35-41 
0-0 1-5 2-1 3-2 4-3 5-4 6-5 7-7 8-7 9-10 10-7 11-10 12-5 13-7 14-5 15-4 16-9 17-7 18-5 19-11 20-10 21-2 22-11 23-13 
0-0 1-1 2-16 3-2 4-12 5-7 6-7 7-8 8-10 9-11 10-12 11-0 12-2 13-16 14-17 15-13 16-23 17-14 18-0 19-3 20-5 21-0 22-12 23-25 24-14 25-12 26-5 27-0 28-3 29-30 30-5 31-0 32-23 33-31 
0-0 1-0 2-33 3-2 4-3 5-4 6-2 7-6 8-2 9-2 10-16 11-10 12-16 13-7 14-40 15-4 16-2 17-11 18-16 19-17 20-27 21-38 22-20 23-2 24-22 25-4 26-2 27-24 28-7 29-16 30-7 31-4 32-27 33-16 34-38 35-4 36-2 37-6 38-10 39-34 40-33 41-7 42-40 43-36 44-10 45-42 46-38 47-10 48-6 49-42 
0-0 1-1 2-2 3-0 4-4 5-3 6-0 7-0 8-9 9-5 10-6 11-7 12-8 13-9 14-0 15-14 16-2 17-10 18-11 19-15 
0-0 1-1 2-3 3-4 4-4 5-3 6-6 7-0 8-1 9-11 10-12 11-9 12-11 13-12 
0-1 1-1 2-2 3-10 4-11 5-1 6-3 7-7 8-1 9-9 10-4 11-12 12-13 13-19 14-20 15-1 16-4 17-14 18-6 19-24 
0-0 1-1 2-18 3-3 4-2 5-5 6-2 7-8 8-9 9-11 10-5 11-12 12-13 13-14 14-12 15-5 16-5 17-16 18-12 19-16 20-19 21-12 22-0 23-22 24-23 25-16 26-5 27-16 28-16 29-25 30-12 31-27 32-22 33-14 34-29 
0-0 1-7 2-2 3-10 4-3 5-25 6-5 7-28 8-7 9-25 10-10 11-10 12-10 13-25 14-12 15-0 16-14 17-10 18-16 19-14 20-25 21-10 22-25 23-14 24-25 25-12 26-14 27-25 28-26 29-10 30-28 31-25 32-7 33-10 34-10 35-25 36-20 37-14 38-25 39-36 
0-0 1-1 2-3 3-7 4-8 5-4 6-5 7-6 8-10 
0-9 1-1 2-4 3-1 4-1 5-3 6-7 7-1 8-11 9-7 10-1 11-1 12-7 13-11 
0-0 1-5 2-3 3-4 4-5 5-6 6-0 7-7 8-8 
0-0 1-0 2-1 3-4 4-6 5-4 6-0 7-3 8-6 
0-0 1-5 2-1 3-6 4-7 5-4 6-5 7-4 8-5 9-9 10-7 11-6 12-9 13-6 14-9 15-5 16-12 17-9 18-0 
0-0 1-4 2-0 3-1 4-5 5-5 6-3 7-7 
0-10 1-5 2-12 3-8 4-7 5-8 6-9 7-10 8-12 9-11 10-15 11-13 12-2 13-2 14-20 15-21 
0-0 1-9 2-1 3-2 4-3 5-4 6-5 7-8 8-11 9-9 10-10 11-16 12-22 13-11 14-9 15-15 16-16 17-9 18-18 19-16 20-5 21-9 22-5 23-21 24-19 25-23 26-24 27-16 28-18 29-25 
0-0 1-1 2-1 3-2 
0-0 1-4 2-0 3-1 4-5 5-5 6-3 7-7 
0-37 1-11 2-35 3-3 4-4 5-11 6-1 7-5 8-8 9-3 10-13 11-14 12-11 13-15 14-14 15-33 16-17 17-11 18-17 19-3 20-20 21-11 22-19 23-11 24-14 25-37 26-33 27-17 28-3 29-35 30-17 31-3 32-13 33-8 34-3 35-32 36-14 37-12 38-40 39-41 40-42 
0-0 1-1 2-2 3-3 4-0 5-4 6-0 7-9 8-7 9-0 10-6 11-10 
0-0 1-1 2-2 3-1 4-7 5-1 6-1 7-10 8-8 9-9 10-1 11-0 
0-0 1-1 2-1 3-1 
0-0 1-0 2-2 3-0 4-5 5-3 6-4 7-0 
0-0 1-4 2-0 3-1 4-5 5-5 6-3 7-7 
0-4 1-8 2-6 3-3 4-6 5-5 6-6 7-7 8-8 9-9 10-10 11-11 12-6 13-12 14-13 15-14 16-15 
0-0 1-2 2-4 3-0 4-0 5-7 6-8 7-0 8-8 9-3 10-0 11-5 12-9 
0-0 1-16 2-13 3-16 4-16 5-16 6-21 7-5 8-7 9-16 10-2 11-2 12-2 13-13 14-12 15-19 16-21 17-10 18-2 19-15 20-6 21-6 22-29 23-16 24-16 25-26 26-16 27-13 28-12 29-16 
0-0 1-1 2-0 3-9 4-2 5-0 6-3 7-3 8-5 9-0 10-7 11-8 12-0 13-0 14-9 
0-0 1-1 2-8 3-4 4-4 5-5 6-2 7-9 8-4 9-12 10-4 11-4 12-12 13-13 
0-3 1-4 2-5 3-1 4-3 5-7 6-2 7-3 8-0 9-7 
0-36 1-14 2-1 3-2 4-0 5-1 6-4 7-20 8-35 9-20 10-6 11-7 12-12 13-13 14-1 15-1 16-14 17-1 18-16 19-17 20-19 21-20 22-21 23-22 24-22 25-24 26-14 27-1 28-27 29-20 30-1 31-29 32-20 33-1 34-31 35-12 36-33 37-17 38-20 39-6 40-35 41-36 42-37 43-38 44-39 45-41 46-42 
0-0 1-1 2-2 3-5 4-4 5-8 6-8 7-7 8-4 9-9 10-12 11-14 12-12 13-4 14-11 15-14 
0-0 1-5 2-3 3-4 4-5 5-6 
0-0 1-5 2-1 3-6 4-7 5-4 6-5 7-4 8-5 9-9 10-7 11-6 12-9 13-6 14-9 15-5 16-12 17-9 18-0 
0-0 1-4 2-0 3-1 4-5 5-5 6-3 7-7 
0-3 1-1 2-0 3-1 4-3 5-3 6-1 7-2 8-3 
0-0 1-3 2-26 3-6 4-29 5-9 6-2 7-12 8-9 9-14 10-15 11-26 12-28 13-16 14-17 15-18 16-10 17-7 18-20 19-26 20-13 21-10 22-7 23-25 24-26 25-7 26-28 27-29 
0-0 1-1 2-1 3-2 
0-0 1-4 2-0 3-1 4-5 5-5 6-3 7-7 
0-3 1-1 2-0 3-1 4-3 5-3 6-1 7-2 8-3 
0-40 1-12 2-38 3-3 4-4 5-16 6-1 7-5 8-9 9-3 10-3 11-14 12-15 13-3 14-3 15-19 16-12 17-3 18-21 19-16 20-3 21-38 22-12 23-29 24-12 25-3 26-14 27-9 28-3 29-35 30-17 31-13 32-9 33-3 34-41 35-43 36-44 37-45 
0-0 1-1 2-2 3-1 4-7 5-1 6-9 7-8 8-9 9-1 10-0 
0-0 1-1 2-1 3-1 
0-0 1-0 2-5 3-0 4-3 5-0 6-7 7-0 
0-1 1-0 2-3 3-0 4-0 5-0 6-1 7-1 
0-4 1-8 2-6 3-3 4-6 5-5 6-6 7-7 8-8 9-0 10-12 11-14 12-9 13-10 14-1 15-6 16-12 17-15 
0-4 1-0 2-1 3-2 4-0 5-3 6-5 7-0 8-7 9-8 10-12 
0-0 1-16 2-13 3-16 4-16 5-16 6-16 7-5 8-7 9-16 10-2 11-20 12-2 13-13 14-12 15-19 16-16 17-10 18-2 19-15 20-16 21-28 22-16 23-16 
0-3 1-1 2-0 3-1 4-3 5-3 6-1 7-2 8-3 
0-36 1-12 2-1 3-2 4-0 5-1 6-4 7-28 8-35 9-28 10-6 11-7 12-9 13-10 14-1 15-1 16-11 17-12 18-1 19-35 20-28 21-6 22-15 23-33 24-17 25-34 26-28 27-6 28-1 29-28 30-21 31-22 32-22 33-24 34-12 35-1 36-27 37-28 38-1 39-31 40-3 41-41 42-38 43-39 44-41 45-42 
0-0 1-1 2-6 3-3 4-4 5-6 
0-0 1-2 2-1 3-4 4-8 5-4 6-0 7-7 8-8 
0-0 1-5 2-1 3-6 4-7 5-4 6-5 7-4 8-5 9-9 10-7 11-6 12-9 13-6 14-9 15-5 16-12 17-9 18-0 
0-0 1-4 2-0 3-1 4-5 5-5 6-3 7-7 
0-0 1-1 2-1 3-1 4-8 5-8 6-13 7-1 8-7 9-3 10-1 11-1 12-12 13-13 14-1 15-15 16-16 
0-0 1-1 2-1 3-2 
0-0 1-4 2-0 3-1 4-5 5-5 6-3 7-7 
0-35 1-9 2-33 3-2 4-3 5-20 6-4 7-30 8-6 9-2 10-12 11-13 12-20 13-14 14-13 15-31 16-16 17-9 18-16 19-2 20-17 21-9 22-12 23-20 24-13 25-35 26-31 27-16 28-2 29-33 30-16 31-2 32-12 33-6 34-2 35-2 36-13 37-18 38-38 39-39 40-40 
0-0 1-1 2-2 3-3 4-0 5-4 6-0 7-6 8-7 9-0 10-9 11-10 
0-0 1-3 2-3 3-1 4-2 5-1 6-10 7-8 8-9 9-1 10-0 
0-0 1-1 2-1 3-1 
0-0 1-0 2-2 3-0 4-5 5-3 6-4 7-0 
0-0 1-4 2-0 3-1 4-5 5-5 6-3 7-7 
0-1 1-1 2-0 3-1 
0-7 1-11 2-2 3-3 4-4 5-8 6-2 7-10 8-11 9-12 10-13 11-14 12-4 13-15 14-16 15-17 16-18 
0-0 1-1 2-2 3-0 4-3 5-4 6-0 7-0 8-7 9-8 10-2 11-8 12-9 13-0 14-5 15-12 
0-17 1-3 2-7 3-1 4-29 5-6 6-7 7-10 8-8 9-8 10-3 11-1 12-12 13-0 14-1 15-15 16-16 17-18 18-22 19-20 20-21 21-23 22-3 23-18 24-7 25-28 26-6 27-1 28-5 29-27 30-31 31-22 32-36 
0-0 1-1 2-4 3-1 4-3 5-4 6-5 7-6 8-6 9-8 
0-0 1-1 2-2 3-0 4-3 5-0 6-5 7-6 8-7 9-8 10-12 11-10 12-11 13-13 14-14 
0-0 1-1 2-2 3-0 4-10 5-0 6-9 7-0 8-3 9-0 10-5 11-0 12-5 13-6 14-0 15-5 16-10 17-11 18-12 19-13 
0-0 1-0 2-1 3-4 4-6 5-4 6-0 7-3 8-6 
0-0 1-5 2-1 3-6 4-7 5-4 6-14 7-4 8-5 9-14 10-14 11-6 12-9 13-6 14-9 15-5 16-12 17-14 18-0 
0-0 1-5 2-0 3-1 4-6 5-6 6-4 7-3 
0-15 1-12 2-15 3-2 4-12 5-10 6-5 7-12 8-8 9-7 10-8 11-15 12-9 13-10 14-12 15-11 16-15 17-13 18-15 19-12 20-10 21-21 22-12 23-15 24-20 25-21 26-12 
0-14 1-17 2-1 3-5 4-3 5-4 6-10 7-3 8-3 9-10 10-16 11-5 12-3 13-9 14-10 15-3 16-12 17-3 18-14 19-15 20-0 21-3 22-3 23-13 24-19 
0-0 1-1 2-1 3-2 
0-0 1-4 2-0 3-1 4-5 5-5 6-3 7-7 
0-38 1-11 2-36 3-2 4-3 5-4 6-6 7-5 8-8 9-2 10-2 11-12 12-13 13-2 14-2 15-16 16-11 17-2 18-19 19-4 20-2 21-36 22-11 23-27 24-11 25-2 26-12 27-8 28-2 29-33 30-14 31-8 32-2 33-39 34-41 35-42 36-43 
0-0 1-1 2-2 3-1 4-7 5-1 6-10 7-8 8-9 9-1 10-0 
0-0 1-1 2-1 3-1 
0-0 1-0 2-2 3-0 4-4 5-3 6-3 7-0 
0-1 1-2 2-3 3-1 4-5 5-6 6-18 7-1 8-1 9-9 10-3 11-9 12-1 13-11 14-3 15-1 16-16 17-6 18-18 19-1 20-20 21-3 22-1 23-25 24-25 
0-0 1-4 2-0 3-1 4-5 5-5 6-3 7-7 
0-4 1-8 2-6 3-3 4-11 5-5 6-6 7-7 8-8 9-18 10-10 11-11 12-6 13-7 14-14 15-15 16-17 17-18 
0-23 1-1 2-6 3-11 4-11 5-8 6-6 7-7 8-2 9-8 10-0 11-10 12-8 13-8 14-11 15-0 16-8 17-12 18-14 19-5 20-14 21-9 22-5 23-16 24-14 25-6 26-7 27-19 28-6 29-6 30-8 31-21 32-23 
0-2 1-2 2-0 3-3 
0-0 1-3 
0-3 1-0 2-14 3-4 4-13 5-25 6-0 7-0 8-17 9-3 10-0 11-20 12-0 13-1 14-5 15-0 16-7 17-9 18-3 19-5 20-21 21-3 
0-0 1-1 2-2 
0-0 1-16 2-4 3-5 4-9 5-8 6-9 7-6 8-8 9-11 10-18 11-14 12-18 13-9 14-17 15-18 16-19 17-18 18-12 19-9 20-8 21-8 22-21 
0-11 1-1 2-2 3-3 4-13 5-5 6-17 7-5 8-11 9-12 10-7 11-4 12-4 13-5 14-11 15-13 16-16 17-11 18-5 19-32 20-13 21-9 22-24 23-18 24-5 25-24 26-9 27-2 28-31 29-32 
0-0 1-9 2-2 3-4 4-3 5-12 6-12 7-13 8-2 9-4 10-11 11-12 12-2 13-11 14-15 
0-6 1-6 2-9 3-9 4-6 5-2 6-0 7-5 8-0 9-0 10-11 
0-15 1-15 2-10 3-1 4-11 5-4 6-11 7-15 8-15 9-7 10-15 11-11 12-9 13-11 14-11 15-6 16-11 17-11 18-10 19-11 20-5 21-12 22-14 23-15 
0-0 1-9 2-1 3-2 4-3 5-12 6-6 7-5 8-12 9-9 10-7 11-3 12-9 13-12 14-12 15-11 16-12 
0-0 1-3 2-4 3-4 4-4 5-2 6-3 7-2 8-2 9-4 10-5 
0-0 1-12 2-3 3-9 4-1 5-11 6-11 7-1 8-11 9-13 10-12 11-11 12-11 13-14 14-11 15-9 16-11 17-18 18-18 
0-0 1-4 2-4 3-9 4-13 5-13 6-8 7-3 8-8 9-1 10-10 11-4 12-13 
0-24 1-2 2-3 3-4 4-5 5-6 6-7 7-8 8-6 9-10 10-8 11-6 12-12 13-4 14-14 15-15 16-16 17-6 18-19 19-8 20-15 21-20 22-24 
0-0 1-1 2-2 3-14 4-22 5-7 6-0 7-22 8-0 9-6 10-20 11-7 12-15 13-22 14-11 15-22 16-3 17-3 18-13 19-14 20-15 21-16 22-0 23-16 24-14 25-20 26-0 27-21 28-22 29-23 30-26 31-7 32-16 33-26 
0-0 1-1 2-2 3-0 4-1 5-5 6-0 7-7 8-5 9-0 10-1 11-11 
0-1 1-2 2-6 3-0 4-6 5-6 6-6 7-5 8-6 
0-7 1-2 2-3 3-4 4-5 5-17 6-7 7-8 8-9 9-10 10-11 11-10 12-8 13-12 14-10 15-7 16-15 17-12 18-5 19-18 20-19 
0-0 1-3 2-2 3-12 4-2 5-3 6-21 7-7 8-8 9-9 10-10 11-11 12-12 13-13 14-8 15-16 16-18 17-7 18-20 19-21 
0-14 1-14 2-6 3-0 4-4 5-2 6-3 7-4 8-5 9-6 10-3 11-4 12-9 13-11 14-6 15-13 16-0 17-14 
0-0 1-1 2-2 3-3 4-2 5-5 6-4 7-4 8-8 9-9 
0-0 1-1 2-2 3-3 4-2 5-5 6-7 7-6 8-2 9-7 10-2 11-2 12-13 13-14 
0-5 1-3 2-0 3-14 4-1 5-9 6-5 7-11 8-12 9-13 10-14 11-4 12-16 13-14 14-1 15-18 
0-0 1-1 2-2 3-3 4-4 5-9 6-5 7-2 8-12 9-9 10-8 11-9 12-9 13-11 14-12 
0-20 1-1 2-2 3-3 4-5 5-2 6-14 7-2 8-14 9-8 10-0 11-0 12-14 13-2 14-2 15-0 16-15 17-2 18-14 19-15 20-0 21-18 22-9 23-20 24-0 25-20 
0-0 1-1 2-5 3-2 4-3 5-5 6-5 7-30 8-1 9-5 10-6 11-8 12-3 13-30 14-9 15-1 16-5 17-26 18-3 19-1 20-5 21-15 22-16 23-3 24-17 25-3 26-1 27-5 28-9 29-3 30-5 31-17 32-1 33-26 34-33 35-28 36-28 37-26 38-9 39-33 
0-17 1-5 2-4 3-8 4-7 5-7 6-8 7-9 8-10 9-5 10-15 11-12 12-3 13-16 14-16 15-17 
0-0 1-1 2-2 3-5 4-9 5-4 6-10 7-3 8-4 9-5 10-6 11-10 
0-0 1-2 2-1 3-4 4-5 
0-2 1-2 2-0 3-3 
0-0 1-3 
0-0 1-1 2-5 3-3 4-4 5-6 6-1 7-1 8-8 9-9 
0-0 1-10 2-1 3-2 4-3 5-4 6-6 7-0 8-6 9-4 10-8 11-4 12-10 13-3 14-12 
0-0 1-2 2-1 3-2 4-3 5-5 6-6 7-5 8-2 9-8 10-5 11-12 12-12 13-13 14-20 15-15 16-15 17-5 18-2 19-8 20-5 21-18 22-0 23-20 
0-0 1-1 2-5 3-2 4-3 5-5 6-5 7-4 8-5 9-5 10-6 11-3 12-7 13-7 14-10 15-14 16-12 17-11 18-12 19-1 20-14 
0-0 1-3 2-2 3-4 4-4 5-2 6-6 
0-3 1-1 2-2 3-3 4-1 5-4 6-6 7-8 8-9 9-2 10-10 
0-0 1-1 2-2 3-4 4-5 5-6 6-7 7-8 8-9 9-7 10-11 11-12 12-12 13-9 14-14 15-7 16-17 17-6 18-8 19-17 
0-0 1-1 2-2 
0-0 1-1 2-2 3-3 4-0 5-3 6-6 7-0 8-8 9-9 
0-4 1-1 2-2 3-4 4-4 5-4 6-8 7-9 
0-2 1-2 2-0 3-3 
0-1 1-0 2-1 
0-0 1-0 2-0 
0-0 1-1 2-1 3-2 
0-0 1-1 2-3 3-29 4-46 5-6 6-41 7-46 8-0 9-42 10-46 11-0 12-13 13-13 14-41 15-17 16-18 17-19 18-0 19-13 20-13 21-51 22-41 23-3 24-0 25-42 26-46 27-0 28-27 29-3 30-39 31-37 32-38 33-31 34-0 35-31 36-30 37-32 38-35 39-31 40-3 41-41 42-23 43-0 44-44 45-45 46-46 47-0 48-49 49-31 50-41 51-50 52-51 
0-0 1-1 2-2 
0-2 1-0 2-1 3-2 4-3 5-8 6-6 7-2 8-7 9-8 
0-0 1-1 2-1 3-1 4-3 5-1 6-6 7-4 8-5 9-1 10-0 
0-0 1-0 2-2 3-0 4-4 
0-0 1-0 2-0 
0-1 1-1 2-0 3-2 4-5 
0-0 1-2 2-2 
0-0 1-1 
0-0 1-0 2-0 3-0 
0-0 1-4 2-4 3-1 4-2 5-3 6-4 
0-0 1-1 2-2 3-2 
0-4 1-1 2-2 3-1 
0-0 1-0 2-2 3-2 
0-0 1-1 
0-4 1-1 2-2 3-1 
0-1 1-0 2-1 3-0 4-0 
0-0 1-1 
0-0 1-1 2-2 
0-0 1-1 2-1 
0-0 1-1 2-1 3-1 
0-4 1-1 2-2 3-1 
0-0 1-1 2-1 3-2 4-1 5-1 
0-4 1-1 2-2 3-1 
0-0 1-1 2-1 3-3 4-1 5-2 6-2 
0-4 1-1 2-2 3-1 
0-0 
0-0 1-0 
0-0 1-1 2-2 
0-0 1-1 2-1 
0-0 1-0 2-2 3-2 
0-0 1-1 2-2 
0-0 1-1 2-1 
0-0 1-0 2-1 3-1 
0-0 1-0 2-1 3-2 
0-0 1-2 2-1 3-1 4-2 
0-0 1-1 2-2 
0-0 1-1 2-2 
0-0 1-1 2-1 3-0 
0-0 1-0 2-2 3-0 4-4 
0-0 1-1 2-0 
0-1 1-1 2-0 3-2 4-5 
0-0 1-0 2-0 3-2 4-0 5-5 6-3 7-4 8-0 
0-0 
0-0 1-2 2-2 
0-5 1-6 2-6 3-8 4-5 5-6 6-6 7-6 8-5 9-1 10-6 11-14 
0-0 1-5 2-1 3-2 4-13 5-5 6-5 7-8 8-12 9-3 10-4 11-5 12-6 13-6 14-5 15-13 16-14 17-15 18-22 19-14 20-14 21-5 22-12 23-5 24-16 25-5 26-21 27-12 28-5 29-14 30-21 31-22 
0-9 1-0 2-1 3-5 4-3 5-9 6-5 7-4 8-5 9-5 10-6 11-13 12-7 13-9 14-5 15-11 16-13 
0-0 1-1 2-3 3-5 4-1 5-2 6-1 7-1 8-7 9-9 
0-0 1-1 2-2 
0-3 1-1 2-0 3-1 4-3 5-3 6-1 7-2 8-3 
0-23 1-23 2-2 3-3 4-30 5-11 6-6 7-2 8-9 9-36 10-9 11-11 12-4 13-2 14-20 15-12 16-2 17-11 18-30 19-13 20-14 21-2 22-16 23-16 24-7 25-23 26-23 27-11 28-13 29-14 30-6 31-23 32-3 33-7 34-1 35-31 36-36 
0-17 1-1 2-2 3-3 4-4 5-4 6-7 7-6 8-11 9-7 10-6 11-7 12-3 13-6 14-21 15-21 16-7 17-17 18-13 19-14 20-6 21-9 22-7 23-18 24-21 
0-26 1-11 2-2 3-4 4-5 5-6 6-16 7-11 8-2 9-4 10-15 11-38 12-4 13-15 14-26 15-26 16-11 17-16 18-17 19-2 20-4 21-20 22-11 23-22 24-23 25-22 26-38 27-4 28-19 29-16 30-4 31-11 32-38 33-32 34-11 35-11 36-11 37-37 38-38 39-39 40-41 41-11 42-42 
0-0 1-2 2-1 3-4 4-2 5-2 6-4 7-4 8-2 9-9 
0-0 1-0 2-0 
0-0 1-0 2-0 3-0 
0-23 1-1 2-2 3-1 4-6 5-7 6-8 7-9 8-10 9-11 10-6 11-26 12-16 13-16 14-23 15-18 16-25 17-11 18-19 19-20 20-21 21-9 22-6 23-26 24-23 25-14 26-25 27-23 28-22 29-25 30-22 31-11 
0-0 1-7 2-1 3-7 4-3 5-4 6-7 7-5 8-7 9-7 10-7 11-3 12-7 13-7 14-8 15-9 16-7 17-0 
0-0 1-0 2-0 
0-0 1-0 2-2 3-2 
0-0 1-1 2-2 
0-2 1-1 2-6 3-1 4-6 
0-0 1-1 2-3 3-1 4-1 5-1 
0-20 1-20 2-10 3-20 4-0 5-18 6-1 7-1 8-10 9-3 10-3 11-6 12-8 13-8 14-8 15-8 16-18 17-8 18-6 19-20 
0-17 1-16 2-10 3-16 4-8 5-16 6-2 7-16 8-11 9-8 10-16 11-19 12-7 13-7 14-5 15-0 16-7 17-7 18-8 19-9 20-10 21-11 22-13 23-5 24-13 25-16 26-19 27-8 28-14 29-19 30-17 31-18 32-19 
0-1 1-4 2-14 3-2 4-3 5-4 6-7 7-14 8-4 9-5 10-6 11-7 12-5 13-9 14-14 15-7 16-5 17-4 18-14 19-7 20-4 21-5 22-9 23-7 24-5 25-4 26-7 27-5 28-7 29-7 30-5 31-5 32-4 33-7 34-7 35-0 36-7 37-28 38-0 39-7 40-7 41-31 42-32 
0-9 1-0 2-20 3-7 4-17 5-7 6-2 7-8 8-9 9-10 10-20 11-7 12-20 13-17 14-0 15-13 16-9 17-16 18-17 19-12 20-19 21-20 
0-0 1-1 2-1 3-9 4-3 5-3 6-5 7-1 8-1 9-9 10-12 11-1 12-11 13-12 14-20 15-14 16-18 17-12 18-13 19-14 20-12 21-15 22-5 23-5 24-14 25-12 26-18 27-22 
0-0 1-1 2-0 3-5 4-4 5-5 6-8 7-4 8-5 9-4 10-8 11-5 12-4 13-5 14-4 15-4 16-15 17-11 18-4 19-13 20-13 21-15 
0-1 1-4 2-1 3-2 4-10 5-13 6-2 7-10 8-9 9-2 10-2 11-9 12-10 13-12 14-11 15-13 
0-27 1-37 2-32 3-6 4-10 5-39 6-7 7-20 8-39 9-10 10-1 11-10 12-9 13-18 14-8 15-32 16-37 17-32 18-32 19-17 20-7 21-5 22-37 23-18 24-32 25-30 26-32 27-1 28-20 29-32 30-37 31-20 32-5 33-37 34-27 35-30 36-18 37-18 38-32 39-4 40-37 41-7 42-8 43-32 44-37 45-18 46-32 47-7 48-32 49-32 50-37 51-20 52-32 53-32 54-37 55-37 56-39 
0-9 1-9 2-1 3-14 4-5 5-14 6-31 7-3 8-39 9-9 10-33 11-5 12-5 13-4 14-8 15-9 16-10 17-5 18-9 19-14 20-14 21-18 22-9 23-21 24-9 25-41 26-14 27-5 28-9 29-24 30-18 31-26 32-14 33-27 34-5 35-9 36-28 37-33 38-9 39-34 40-5 41-9 42-39 43-28 44-5 45-9 46-41 47-41 
0-0 1-0 2-2 3-3 
0-47 1-38 2-1 3-2 4-3 5-4 6-5 7-6 8-7 9-8 10-2 11-10 12-4 13-2 14-14 15-16 16-17 17-2 18-19 19-4 20-2 21-23 22-16 23-8 24-5 25-7 26-5 27-47 28-5 29-34 30-33 31-31 32-4 33-38 34-5 35-37 36-38 37-2 38-40 39-4 40-36 41-39 42-35 43-35 44-2 45-44 46-4 47-2 48-46 49-47 
0-6 1-2 2-1 3-4 4-3 5-6 6-16 7-16 8-10 9-6 10-12 11-8 12-6 13-15 14-16 
0-22 1-1 2-18 3-3 4-4 5-5 6-6 7-1 8-8 9-2 10-1 11-10 12-1 13-13 14-22 15-4 16-1 17-3 18-1 19-15 20-18 21-19 22-10 23-6 24-10 25-13 26-22 
0-0 1-1 2-2 3-0 4-3 5-4 6-0 7-19 8-7 9-10 10-0 11-18 12-0 13-8 14-12 15-10 16-11 17-0 18-12 19-23 20-12 21-23 22-16 23-15 24-2 25-17 26-0 27-22 28-21 29-18 30-2 31-0 32-13 33-2 34-1 35-19 36-23 
0-5 1-1 2-2 3-7 4-3 5-6 6-7 7-5 8-9 9-10 10-10 11-5 12-12 13-7 14-14 15-15 16-7 17-16 18-12 19-6 20-7 21-7 22-30 23-9 24-7 25-7 26-29 27-12 28-5 29-7 30-23 31-15 32-3 33-5 34-7 35-3 36-30 
0-3 1-13 2-3 3-3 4-4 5-6 6-3 7-17 8-2 9-1 10-3 11-2 12-10 13-11 14-13 15-17 16-14 17-15 18-1 19-17 
0-20 1-25 2-1 3-2 4-3 5-1 6-20 7-7 8-26 9-7 10-11 11-9 12-10 13-11 14-1 15-5 16-3 17-12 18-14 19-13 20-15 21-1 22-1 23-17 24-20 25-1 26-21 27-23 28-9 29-26 30-26 
0-0 1-8 2-1 3-3 4-8 5-4 6-5 7-8 8-6 9-7 10-9 11-11 12-9 13-13 
0-47 1-5 2-11 3-7 4-8 5-9 6-10 7-17 8-17 9-5 10-13 11-14 12-5 13-16 14-33 15-47 16-1 17-9 18-17 19-1 20-19 21-9 22-8 23-2 24-5 25-5 26-24 27-25 28-7 29-5 30-28 31-27 32-14 33-2 34-14 35-2 36-33 37-5 38-34 39-35 40-1 41-47 42-5 43-40 44-40 45-17 46-4 47-2 48-22 49-17 50-0 51-8 52-44 53-7 54-46 55-2 56-47 
0-5 1-4 2-1 3-5 4-3 5-4 6-5 7-7 8-3 9-4 10-18 11-3 12-5 13-2 14-4 15-18 16-5 17-5 18-3 19-8 20-5 21-2 22-5 23-3 24-4 25-17 26-18 
0-0 1-7 2-2 3-1 4-5 5-5 6-1 7-6 
0-21 1-5 2-1 3-2 4-21 5-16 6-21 7-2 8-1 9-1 10-21 11-21 12-1 13-5 14-6 15-2 16-2 17-1 18-21 19-1 20-12 21-2 22-1 23-0 24-2 25-15 26-9 27-12 28-12 29-16 30-5 31-2 32-18 33-1 34-1 35-21 
0-3 1-3 2-1 3-2 4-3 
0-5 1-4 2-0 3-2 4-5 
0-0 1-1 2-2 3-3 4-4 5-4 6-8 7-7 8-8 9-3 10-12 11-14 12-3 
0-0 1-1 2-2 3-1 4-4 5-2 6-5 7-6 8-4 9-2 10-8 11-9 
0-0 1-0 2-3 3-4 
0-0 1-0 2-1 3-3 4-6 5-6 6-3 7-5 8-4 9-6 
0-0 1-0 2-7 3-6 4-5 5-4 6-5 7-7 
0-0 1-0 2-2 3-6 4-3 5-4 6-3 7-13 8-2 9-9 10-10 11-3 12-3 13-13 
0-0 1-1 2-2 3-3 4-4 5-3 6-5 7-6 8-7 9-5 10-8 11-7 12-7 13-3 14-3 15-1 16-3 17-7 18-13 19-14 
0-0 1-1 2-5 3-3 4-0 5-2 6-5 7-5 8-6 9-7 10-8 
0-0 1-5 2-7 3-3 4-4 5-6 6-7 7-0 8-3 9-10 10-11 11-5 12-11 13-7 14-11 15-9 16-5 17-15 18-7 19-11 20-9 21-19 22-20 23-7 24-11 25-3 26-11 27-24 
0-0 1-6 2-8 3-1 4-4 5-5 6-5 7-8 8-5 9-10 10-11 11-8 12-4 13-8 14-21 15-17 16-12 17-17 18-20 19-12 20-18 21-5 22-21 
0-0 1-1 2-17 3-3 4-11 5-0 6-7 7-13 8-0 9-10 10-9 11-19 12-15 13-13 14-3 15-9 16-10 17-17 18-9 19-23 20-22 21-10 22-24 
0-10 1-20 2-1 3-3 4-15 5-4 6-5 7-3 8-6 9-8 10-9 11-10 12-4 13-10 14-4 15-9 16-10 17-13 18-10 19-14 20-15 21-16 22-15 23-10 24-10 25-19 26-20 27-10 28-21 29-9 30-16 31-4 32-16 33-16 34-10 35-10 36-27 37-9 38-10 39-29 40-30 41-20 42-10 43-32 44-33 
0-0 1-1 2-3 3-0 4-5 5-9 6-0 7-24 8-15 9-9 10-0 11-10 12-2 13-0 14-13 15-14 16-15 17-0 18-17 19-18 20-0 21-19 22-4 23-3 24-4 25-24 26-22 27-0 28-23 29-25 
0-0 1-0 2-4 3-5 4-6 5-4 6-6 7-6 8-6 
0-18 1-2 2-2 3-3 4-7 5-4 6-18 7-0 8-18 9-12 10-9 11-7 12-12 13-5 14-9 15-5 16-18 17-9 18-9 19-12 20-14 21-5 22-13 23-18 24-18 25-0 26-0 27-18 
0-0 1-2 2-0 3-1 4-2 5-3 6-0 7-4 8-1 9-6 10-18 11-17 12-17 13-7 14-11 15-17 16-1 17-20 18-1 19-14 20-15 21-6 22-17 23-8 24-17 25-17 26-18 27-19 28-20 
0-0 1-1 2-3 3-28 4-4 5-13 6-19 7-7 8-21 9-9 10-10 11-14 12-25 13-19 14-12 15-28 16-19 17-16 18-15 19-18 20-21 21-19 22-20 23-28 24-21 25-28 26-6 27-4 28-25 29-27 30-26 31-28 
0-34 1-6 2-17 3-1 4-2 5-2 6-4 7-3 8-6 9-37 10-8 11-17 12-7 13-8 14-9 15-8 16-12 17-11 18-13 19-15 20-16 21-17 22-19 23-18 24-6 25-17 26-30 27-8 28-21 29-2 30-24 31-30 32-28 33-17 34-30 35-8 36-29 37-42 38-35 39-33 40-36 41-13 42-32 43-35 44-38 45-8 46-23 47-8 48-42 
0-15 1-3 2-1 3-10 4-2 5-1 6-4 7-10 8-10 9-0 10-10 11-6 12-7 13-10 14-8 15-15 16-10 17-11 18-11 19-10 20-12 21-4 22-15 
0-0 1-20 2-2 3-19 4-1 5-3 6-20 7-5 8-4 9-6 10-8 11-7 12-16 13-15 14-0 15-19 16-20 17-21 18-19 19-20 20-23 21-24 
0-0 1-1 2-26 3-2 4-4 5-0 6-6 7-7 8-8 9-4 10-0 11-11 12-11 13-7 14-19 15-0 16-12 17-0 18-26 19-17 20-16 21-18 22-19 23-20 24-0 25-22 26-8 27-2 28-0 29-25 30-26 
0-0 1-21 2-34 3-3 4-21 5-5 6-0 7-21 8-22 9-22 10-1 11-4 12-9 13-21 14-22 15-11 16-12 17-13 18-15 19-22 20-11 21-17 22-13 23-5 24-21 25-22 26-1 27-23 28-25 29-9 30-9 31-9 32-22 33-28 34-29 35-33 36-21 37-5 38-2 39-34 
0-0 1-1 2-3 3-4 4-4 5-1 6-14 7-13 8-7 9-4 10-13 11-4 12-13 13-0 14-18 15-14 16-0 17-16 18-0 
0-0 1-15 2-1 3-3 4-3 5-5 6-3 7-3 8-4 9-6 10-3 11-6 12-5 13-5 14-5 15-3 16-5 17-5 18-15 
0-0 1-2 2-3 3-7 4-3 5-3 6-13 7-6 8-2 9-3 10-9 11-0 12-10 13-11 14-12 15-13 
0-0 1-3 2-6 3-6 4-12 5-6 6-36 7-4 8-4 9-19 10-25 11-6 12-0 13-12 14-4 15-6 16-12 17-6 18-12 19-6 20-6 21-11 22-6 23-6 24-6 25-6 26-16 27-18 28-4 29-6 30-12 31-6 32-1 33-6 34-6 35-11 36-19 37-6 38-4 39-36 40-28 41-26 42-6 43-12 44-12 45-4 46-6 47-33 48-35 49-36 
0-8 1-8 2-8 3-8 4-8 5-4 6-6 7-2 8-8 9-5 10-8 11-8 12-7 13-8 
0-0 1-1 2-2 3-0 4-4 5-5 6-6 7-5 8-2 9-7 10-8 11-10 12-5 13-5 14-2 15-2 16-14 17-10 18-10 19-2 20-10 21-5 22-5 23-2 24-19 
0-22 1-3 2-2 3-22 4-0 5-1 6-4 7-14 8-26 9-14 10-22 11-8 12-7 13-22 14-22 15-11 16-10 17-22 18-12 19-14 20-22 21-14 22-22 23-22 24-22 25-9 26-22 27-20 28-12 29-22 30-24 31-23 32-26 
0-0 1-1 2-48 3-25 4-4 5-0 6-6 7-35 8-5 9-2 10-18 11-7 12-7 13-0 14-2 15-14 16-8 17-10 18-28 19-18 20-19 21-20 22-23 23-22 24-21 25-11 26-13 27-14 28-20 29-11 30-29 31-11 32-41 33-13 34-14 35-35 36-0 37-26 38-8 39-24 40-14 41-18 42-0 43-14 44-35 45-0 46-18 47-26 48-41 49-8 50-14 51-14 52-14 53-48 
0-0 1-1 2-9 3-0 4-9 5-2 6-3 7-14 8-5 9-9 10-15 11-6 12-0 13-8 14-9 15-0 16-10 17-6 18-3 19-14 20-16 21-3 22-16 
0-0 1-1 2-2 3-3 4-13 5-4 6-5 7-4 8-4 9-6 10-5 11-6 12-11 13-12 14-16 15-11 16-15 17-16 18-11 19-18 20-16 21-11 22-21 23-16 24-13 25-4 26-6 27-4 28-4 29-4 30-4 31-25 32-13 33-4 34-4 35-27 36-16 37-6 38-3 39-5 40-6 41-5 42-4 43-11 44-0 45-4 46-4 47-37 48-37 
0-0 1-1 2-2 3-3 4-4 5-13 6-6 7-13 8-13 9-9 10-11 11-10 12-12 13-9 14-15 15-17 16-13 17-9 18-4 19-0 20-6 21-2 22-17 23-13 24-0 25-30 26-9 27-9 28-25 29-24 30-13 31-12 32-16 33-9 34-12 35-9 36-19 37-29 38-10 39-30 
0-17 1-4 2-17 3-1 4-12 5-17 6-7 7-0 8-12 9-7 10-7 11-3 12-10 13-11 14-12 15-3 16-13 17-7 18-14 19-3 20-16 21-17 
0-8 1-0 2-1 3-4 4-8 5-4 6-6 7-7 8-8 9-8 10-8 11-8 12-9 13-13 
0-3 1-3 2-2 3-7 4-8 5-2 6-9 7-11 
0-0 1-4 2-2 3-3 4-12 5-5 6-2 7-6 8-10 9-11 10-12 11-0 12-32 13-12 14-0 15-0 16-14 17-13 18-15 19-0 20-0 21-26 22-3 23-12 24-11 25-3 26-9 27-0 28-0 29-14 30-32 31-32 32-12 33-11 34-0 35-28 36-11 37-11 38-32 
0-3 1-0 2-3 3-3 4-2 
0-12 1-1 2-12 3-12 4-0 5-10 6-3 7-2 8-3 9-16 10-5 11-6 12-16 13-5 14-10 15-16 16-12 17-10 18-3 19-12 20-12 21-0 22-13 23-16 
0-0 1-1 2-9 3-3 4-0 5-7 6-5 7-0 8-6 9-7 10-9 11-14 12-3 13-10 14-37 15-9 16-12 17-0 18-13 19-14 20-0 21-15 22-16 23-0 24-17 25-9 26-3 27-10 28-5 29-0 30-10 31-7 32-12 33-22 34-16 35-14 36-5 37-0 38-25 39-26 40-27 41-8 42-3 43-3 44-16 45-30 46-14 47-16 48-3 49-10 50-37 51-45 52-3 53-16 54-40 55-3 56-37 57-39 58-40 59-41 60-38 61-3 62-43 63-42 64-44 65-45 
0-10 1-0 2-1 3-2 4-4 5-5 6-6 7-7 8-8 9-9 10-10 
0-0 1-6 2-1 3-5 4-2 5-2 6-3 7-7 
0-1 1-1 2-3 3-1 4-2 
0-0 1-6 2-1 3-2 4-3 5-4 6-5 7-22 8-9 9-2 10-9 11-0 12-8 13-19 14-10 15-0 16-11 17-2 18-19 19-16 20-22 21-15 22-14 23-9 24-8 25-19 26-0 27-18 28-19 29-0 30-21 31-22 
0-0 1-4 2-0 3-13 4-3 5-5 6-0 7-7 8-8 9-5 10-10 11-0 12-1 13-5 14-0 15-11 16-13 
0-11 1-11 2-11 3-5 4-2 5-11 6-7 7-8 8-9 9-10 10-11 
0-20 1-0 2-8 3-3 4-0 5-12 6-14 7-3 8-0 9-18 10-1 11-3 12-0 13-5 14-3 15-0 16-7 17-15 18-0 19-0 20-9 21-17 22-18 23-19 24-20 
0-0 1-1 2-2 3-3 4-29 5-7 6-4 7-2 8-10 9-2 10-11 11-2 12-10 13-5 14-2 15-11 16-0 17-5 18-14 19-2 20-10 21-26 22-11 23-11 24-16 25-5 26-29 27-14 28-11 29-7 30-14 31-11 32-24 33-1 34-0 35-8 36-11 37-10 38-28 39-29 
0-6 1-6 2-1 3-2 4-30 5-17 6-3 7-16 8-30 9-5 10-18 11-6 12-10 13-9 14-12 15-6 16-17 17-16 18-27 19-6 20-6 21-21 22-16 23-6 24-23 25-17 26-16 27-6 28-4 29-17 30-27 31-6 32-29 33-30 
0-0 1-2 2-6 3-6 4-5 5-4 6-6 7-4 8-1 9-6 
0-0 1-2 2-5 3-3 4-5 5-3 6-5 
0-34 1-9 2-0 3-28 4-1 5-23 6-9 7-4 8-3 9-5 10-4 11-19 12-19 13-23 14-8 15-9 16-10 17-12 18-11 19-34 20-13 21-1 22-15 23-28 24-17 25-34 26-13 27-21 28-9 29-24 30-28 31-9 32-28 33-0 34-9 35-13 36-28 37-9 38-30 39-28 40-29 41-8 42-28 43-9 44-33 45-32 46-34 
0-0 1-1 2-27 3-2 4-0 5-0 6-11 7-5 8-0 9-0 10-13 11-23 12-6 13-0 14-0 15-8 16-7 17-19 18-13 19-0 20-14 21-15 22-6 23-27 24-27 25-18 26-19 27-21 28-0 29-17 30-27 31-4 32-19 33-18 34-19 35-5 36-24 37-25 38-26 39-27 
0-0 1-3 2-3 3-4 4-5 5-10 6-14 7-30 8-3 9-12 10-7 11-12 12-13 13-8 14-14 15-5 16-1 17-5 18-5 19-22 20-21 21-5 22-21 23-4 24-5 25-5 26-25 27-14 28-26 29-5 30-5 31-3 32-5 33-5 34-28 35-27 36-30 
0-10 1-2 2-7 3-1 4-14 5-15 6-0 7-0 8-1 9-6 10-4 11-6 12-0 13-7 14-6 15-16 
0-0 1-10 2-4 3-4 4-6 5-14 6-3 7-11 8-6 9-6 10-6 11-6 12-8 13-14 14-14 15-9 16-10 17-10 18-10 19-6 20-14 21-14 22-10 23-12 24-11 25-14 
0-0 1-1 2-3 3-4 4-5 5-15 6-18 7-2 8-0 9-10 10-9 11-0 12-10 13-11 14-12 15-4 16-14 17-0 18-0 19-17 20-16 21-18 
0-13 1-13 2-2 3-1 4-13 5-3 6-5 7-13 8-5 9-13 10-3 11-9 12-2 13-2 14-12 15-13 
0-0 1-0 2-4 3-4 4-13 5-0 6-4 7-22 8-4 9-4 10-6 11-1 12-0 13-4 14-15 15-13 16-15 17-16 18-15 19-15 20-17 21-18 22-13 23-15 24-21 25-22 
0-10 1-1 2-10 3-0 4-4 5-0 6-5 7-6 8-7 9-10 10-10 11-0 12-7 13-10 14-10 15-7 16-10 17-8 18-10 19-7 20-16 
0-23 1-9 2-12 3-2 4-3 5-23 6-4 7-12 8-9 9-11 10-1 11-9 12-6 13-9 14-9 15-2 16-6 17-2 18-21 19-2 20-22 21-19 22-9 23-20 24-12 25-6 26-7 27-6 28-23 
0-0 1-27 2-1 3-7 4-4 5-20 6-3 7-7 8-9 9-6 10-7 11-3 12-6 13-17 14-10 15-7 16-25 17-17 18-19 19-27 20-17 21-16 22-27 23-17 24-7 25-1 26-19 27-27 28-20 29-17 30-16 31-17 32-26 33-12 34-17 35-27 
0-3 1-0 2-3 3-4 4-6 5-16 6-10 7-6 8-11 9-8 10-9 11-16 12-6 13-13 14-16 15-16 16-6 17-16 18-5 19-16 
0-0 1-1 2-3 3-31 4-18 5-5 6-0 7-9 8-6 9-7 10-8 11-10 12-26 13-0 14-46 15-0 16-46 17-33 18-0 19-17 20-2 21-2 22-7 23-0 24-22 25-8 26-0 27-17 28-23 29-10 30-26 31-38 32-25 33-0 34-16 35-31 36-25 37-3 38-10 39-0 40-16 41-26 42-31 43-0 44-33 45-1 46-10 47-0 48-37 49-38 50-38 51-26 52-31 53-0 54-26 55-41 56-31 57-0 58-45 59-26 60-46 
0-0 1-0 2-15 3-4 4-4 5-6 6-2 7-18 8-14 9-1 10-4 11-7 12-12 13-3 14-4 15-20 16-19 17-15 18-0 19-15 20-12 21-21 
0-0 1-1 2-1 3-1 
0-0 1-1 2-2 3-3 4-2 5-5 6-7 7-7 8-8 9-9 10-10 11-0 12-1 13-2 14-3 15-2 16-7 17-5 18-18 19-19 
0-13 1-0 2-1 3-2 4-3 5-4 6-5 7-6 8-8 9-0 10-12 11-11 12-13 
0-5 1-1 2-2 3-15 4-9 5-4 6-11 7-6 8-7 9-8 10-1 11-2 12-10 13-11 14-9 15-9 16-2 17-9 18-4 19-9 20-19 21-9 22-12 23-16 24-14 25-1 26-16 27-1 28-1 29-2 30-22 31-24 32-25 
0-0 1-1 2-10 3-10 4-19 5-14 6-6 7-3 8-4 9-11 10-7 11-6 12-14 13-15 14-6 15-12 16-18 17-10 18-6 19-19 20-6 21-6 22-21 23-22 
0-15 1-14 2-19 3-16 4-3 5-1 6-6 7-16 8-5 9-14 10-3 11-3 12-19 13-11 14-14 15-11 16-5 17-9 18-13 19-9 20-11 21-6 22-9 23-10 24-19 
0-0 1-4 2-7 3-7 4-0 5-2 6-7 7-2 8-3 9-9 10-3 11-7 12-9 13-6 14-7 15-9 16-5 17-9 
0-0 1-11 2-0 3-20 4-7 5-6 6-7 7-9 8-20 9-0 10-26 11-0 12-7 13-26 14-20 15-7 16-34 17-2 18-11 19-0 20-15 21-16 22-7 23-0 24-15 25-19 26-20 27-26 28-7 29-23 30-0 31-0 32-15 33-25 34-2 35-27 36-23 37-2 38-11 39-0 40-23 41-15 42-9 43-34 
0-3 1-9 2-4 3-2 4-3 5-4 6-5 7-6 8-7 9-8 10-4 11-12 12-13 13-14 14-9 15-4 16-20 17-4 18-6 19-17 20-8 21-22 22-23 23-24 
0-12 1-3 2-1 3-13 4-3 5-1 6-16 7-10 8-3 9-0 10-1 11-1 12-2 13-3 14-1 15-7 16-1 17-5 18-5 19-12 20-17 21-3 22-1 23-9 24-17 
0-16 1-5 2-0 3-1 4-2 5-3 6-4 7-16 8-14 9-18 10-14 11-8 12-16 13-6 14-18 15-13 16-8 17-16 18-17 19-18 20-16 21-22 22-8 23-13 24-13 25-23 26-18 27-16 28-24 29-25 
0-5 1-0 2-5 3-1 4-12 5-3 6-13 7-5 8-5 9-11 10-9 11-5 12-13 13-6 14-7 15-8 16-13 
0-0 1-1 2-2 3-25 4-17 5-0 6-4 7-0 8-5 9-6 10-0 11-25 12-9 13-9 14-8 15-6 16-0 17-19 18-24 19-0 20-22 21-11 22-26 23-5 24-19 25-8 26-0 27-20 28-19 29-8 30-25 31-27 32-8 33-0 34-30 35-6 36-8 37-0 38-32 39-6 40-0 41-35 42-34 43-34 44-37 45-38 
0-0 1-1 2-41 3-28 4-4 5-5 6-9 7-6 8-7 9-8 10-10 11-3 12-13 13-15 14-12 15-10 16-12 17-0 18-25 19-23 20-10 21-0 22-26 23-25 24-10 25-13 26-38 27-10 28-0 29-16 30-25 31-34 32-38 33-32 34-37 35-10 36-0 37-16 38-38 39-39 40-40 41-41 
0-0 1-1 2-4 3-3 4-5 5-0 6-7 7-8 8-0 9-9 10-10 11-0 12-8 13-24 14-41 15-2 16-27 17-24 18-29 19-10 20-14 21-0 22-14 23-24 24-0 25-14 26-24 27-25 28-26 29-10 30-24 31-30 32-31 33-8 34-14 35-10 36-0 37-2 38-24 39-0 40-38 41-10 42-15 43-15 44-5 45-24 46-0 47-40 48-41 
0-0 1-0 2-6 3-3 4-8 5-0 6-6 7-5 8-8 9-10 10-11 11-12 
0-9 1-24 2-0 3-7 4-3 5-24 6-7 7-21 8-2 9-21 10-5 11-24 12-1 13-24 14-9 15-7 16-3 17-6 18-7 19-8 20-12 21-13 22-24 23-24 24-1 25-5 26-16 27-3 28-21 29-5 30-23 31-2 32-7 33-3 34-9 35-7 36-20 37-24 
0-8 1-20 2-10 3-2 4-0 5-6 6-1 7-2 8-3 9-4 10-5 11-37 12-20 13-32 14-15 15-13 16-0 17-33 18-19 19-32 20-0 21-20 22-2 23-23 24-25 25-20 26-20 27-11 28-27 29-0 30-29 31-30 32-11 33-32 34-2 35-36 36-37 
0-3 1-5 2-0 3-1 4-2 5-3 6-4 7-12 8-14 9-6 10-9 11-10 12-11 13-13 14-12 15-9 16-1 17-21 18-9 19-3 20-15 21-1 22-9 23-21 24-17 25-9 26-3 27-12 28-9 29-9 30-9 31-12 32-1 33-25 34-26 
0-7 1-7 2-10 3-2 4-3 5-5 6-4 7-6 8-7 9-9 10-2 11-7 12-2 13-10 14-7 15-9 16-12 17-14 18-13 19-15 
0-0 1-0 2-4 3-15 4-1 5-4 6-17 7-17 8-6 9-3 10-8 11-9 12-4 13-4 14-14 15-15 16-4 17-4 18-16 19-17 20-6 21-4 22-15 23-11 24-4 25-15 26-6 27-21 28-8 29-23 30-4 31-6 32-6 33-27 34-28 35-29 
0-0 1-5 2-10 3-17 4-5 5-17 6-7 7-5 8-2 9-10 10-17 11-1 12-17 13-17 14-4 15-17 16-1 17-17 18-18 19-10 20-13 21-17 22-15 23-4 24-17 25-5 26-17 27-17 28-22 29-21 30-24 31-17 32-25 33-26 
0-0 1-2 2-7 3-2 4-2 5-9 6-20 7-11 8-3 9-1 10-9 11-7 12-6 13-10 14-16 15-17 16-9 17-2 18-7 19-21 20-2 21-12 22-3 23-15 24-7 25-26 26-16 27-9 28-30 29-22 30-7 31-22 32-31 
0-0 1-1 2-4 3-6 4-4 5-1 6-6 7-4 8-4 9-4 10-1 11-4 12-6 
0-7 1-1 2-10 3-8 4-10 5-16 6-20 7-10 8-20 9-0 10-15 11-10 12-10 13-17 14-3 15-13 16-10 17-10 18-15 19-16 20-13 21-19 22-16 23-9 24-16 25-13 26-20 
0-4 1-20 2-1 3-20 4-4 5-1 6-8 7-8 8-7 9-8 10-9 11-10 12-15 13-11 14-16 15-4 16-8 17-5 18-18 19-20 
0-6 1-2 2-17 3-6 4-0 5-16 6-2 7-8 8-9 9-0 10-2 11-12 12-0 13-2 14-6 15-0 16-15 17-16 18-6 19-4 20-22 21-23 
0-0 1-2 2-0 3-0 4-0 5-3 6-4 7-5 8-6 9-7 10-8 11-9 12-22 13-0 14-11 15-29 16-26 17-7 18-22 19-4 20-0 21-28 22-22 23-10 24-16 25-22 26-0 27-24 28-0 29-22 30-22 31-0 32-26 33-26 34-29 
0-0 1-3 2-10 3-10 4-12 5-28 6-0 7-4 8-8 9-9 10-12 11-7 12-12 13-16 14-4 15-8 16-8 17-8 18-12 19-4 20-12 21-18 22-19 23-4 24-12 25-20 26-12 27-28 28-12 29-1 30-12 31-12 32-8 33-4 34-4 35-19 36-12 37-24 38-19 39-12 40-1 41-1 42-28 
0-5 1-1 2-18 3-3 4-1 5-2 6-6 7-7 8-8 9-1 10-10 11-9 12-9 13-9 14-12 15-18 16-14 17-18 18-16 19-9 20-18 21-19 22-24 23-1 24-23 25-20 26-25 27-1 28-37 29-9 30-25 31-28 32-18 33-27 34-37 35-9 36-28 37-1 38-5 39-34 40-23 41-9 42-18 43-4 44-1 45-18 46-41 47-43 48-44 
0-16 1-0 2-1 3-16 4-3 5-21 6-5 7-21 8-6 9-7 10-16 11-4 12-5 13-11 14-16 15-5 16-4 17-21 18-14 19-23 20-16 21-18 22-23 23-21 24-16 25-0 26-19 27-21 28-5 29-6 30-20 31-21 32-5 33-21 34-2 35-14 36-27 37-21 38-26 39-28 
0-0 1-1 2-2 3-14 4-4 5-5 6-5 7-6 8-13 9-0 10-12 11-0 12-11 13-10 14-5 15-3 16-0 17-0 18-0 19-25 20-9 21-14 22-6 23-5 24-0 25-23 26-0 27-22 28-0 29-9 30-0 31-0 32-27 33-6 34-17 35-3 36-5 37-0 38-0 39-12 40-0 41-19 42-20 43-28 
0-0 1-1 2-2 3-3 4-5 5-0 6-11 7-6 8-0 9-5 10-0 11-7 12-8 13-6 14-0 15-10 16-0 17-10 18-11 
0-0 1-1 2-5 3-2 4-4 5-3 6-5 7-6 8-10 9-12 10-11 11-12 12-12 13-13 14-5 15-15 16-16 
0-15 1-12 2-15 3-5 4-6 5-7 6-8 7-9 8-9 9-11 10-9 11-12 12-13 13-9 14-14 15-15 
0-4 1-5 2-8 3-11 4-11 5-7 6-9 7-10 8-11 9-12 10-11 11-14 12-11 13-15 14-11 15-6 16-4 17-11 18-10 19-16 
0-0 1-3 2-1 3-3 4-15 5-15 6-3 7-4 8-6 9-0 10-2 11-15 12-18 13-2 14-3 15-3 16-11 17-15 18-10 19-3 20-10 21-3 22-0 23-3 24-3 25-14 26-15 27-3 28-17 29-18 
0-0 1-0 2-4 3-2 4-3 5-3 6-5 7-3 8-9 
0-5 1-0 2-1 3-2 4-3 5-4 6-5 7-6 8-11 9-5 10-7 11-8 12-12 
0-0 1-11 2-10 3-6 4-7 5-13 6-1 7-4 8-8 9-4 10-10 11-12 12-3 13-10 14-15 15-4 16-14 17-16 18-10 19-15 20-17 21-19 
0-0 1-0 2-3 3-5 4-4 5-6 6-3 7-7 8-8 9-3 10-1 11-11 12-1 13-18 14-18 15-18 16-18 17-12 18-15 19-3 20-16 21-17 22-18 23-8 24-11 25-11 26-22 
0-0 1-6 2-3 3-4 4-5 5-3 6-6 7-7 8-3 9-9 10-7 11-8 12-2 13-18 14-3 15-11 16-24 17-12 18-3 19-6 20-7 21-6 22-18 23-3 24-6 25-7 26-3 27-8 28-1 29-7 30-19 31-3 32-22 33-21 34-18 35-23 36-24 37-3 38-15 39-7 40-3 41-29 42-6 43-40 44-5 45-18 46-6 47-32 48-3 49-11 50-7 51-3 52-9 53-7 54-8 55-5 56-7 57-3 58-29 59-18 60-41 61-5 62-3 63-24 64-40 65-0 66-45 
0-12 1-0 2-5 3-2 4-12 5-4 6-10 7-12 8-7 9-8 10-2 11-12 12-12 13-11 14-6 15-12 
0-9 1-0 2-1 3-2 4-3 5-4 6-5 7-7 8-4 9-9 10-10 11-11 12-9 13-13 14-14 
0-4 1-5 2-3 3-9 4-0 5-9 6-2 7-3 8-6 9-7 10-8 11-9 12-10 13-9 14-9 15-0 16-9 17-12 18-6 19-13 
0-0 1-1 2-3 3-14 4-5 5-5 6-0 7-0 8-3 9-0 10-14 11-9 12-3 13-4 14-11 15-0 16-13 17-14 
0-8 1-1 2-2 3-10 4-5 5-5 6-10 7-7 8-8 9-0 10-10 11-11 12-12 13-10 14-4 15-12 16-13 17-14 18-18 19-24 20-10 21-21 22-12 23-10 24-8 25-23 26-24 27-0 28-0 29-10 30-28 31-10 32-29 33-30 
0-4 1-1 2-2 3-6 4-1 5-5 6-2 7-13 8-4 9-13 10-4 11-4 12-10 13-2 14-12 15-11 16-13 
0-0 1-1 2-3 3-0 4-3 5-4 6-0 7-5 8-6 9-7 10-4 11-0 12-9 13-8 14-0 
0-3 1-0 2-5 3-1 4-2 5-3 6-3 7-4 8-3 9-5 10-6 11-10 12-5 13-5 14-8 15-5 16-6 17-10 18-5 19-6 20-8 21-5 22-14 23-13 24-15 
0-9 1-2 2-9 3-1 4-2 5-9 6-6 7-4 8-6 9-8 10-9 11-5 12-3 13-8 14-9 15-10 16-4 17-9 18-13 19-12 20-4 21-4 22-9 23-9 24-2 25-4 26-15 27-1 28-8 29-9 30-5 31-4 32-9 33-12 34-20 
0-0 1-1 2-2 3-4 4-5 5-7 6-6 7-8 8-4 9-0 10-9 11-12 12-11 13-12 14-0 15-20 16-0 17-0 18-17 19-14 20-0 21-16 22-0 23-0 24-15 25-12 26-6 27-0 28-5 29-30 30-20 31-0 32-20 33-20 34-0 35-15 36-8 37-0 38-26 39-13 40-12 41-0 42-0 43-30 
0-1 1-0 2-1 3-1 4-1 5-0 
0-6 1-6 2-4 3-5 4-5 5-6 6-4 7-9 8-8 9-4 10-4 11-10 12-4 13-7 14-5 15-4 16-0 17-10 18-7 19-1 20-10 
0-1 1-7 2-1 3-14 4-1 5-3 6-6 7-5 8-6 9-1 10-1 11-7 12-1 13-1 14-8 15-10 16-10 17-11 18-12 19-13 20-13 21-15 22-14 23-17 
0-0 1-1 2-25 3-16 4-4 5-4 6-15 7-14 8-6 9-0 10-7 11-6 12-9 13-10 14-2 15-0 16-12 17-25 18-17 19-15 20-9 21-9 22-3 23-18 24-15 25-0 26-17 27-25 
0-1 1-15 2-4 3-1 4-9 5-0 6-9 7-7 8-15 9-15 10-6 11-15 12-15 13-9 14-15 15-15 16-0 17-9 18-9 19-15 
0-2 1-0 2-2 3-2 4-3 5-3 6-4 7-2 8-5 9-2 10-12 11-2 12-2 13-5 14-2 15-2 16-11 17-6 18-2 19-10 20-12 
0-10 1-12 2-10 3-16 4-13 5-10 6-11 7-10 8-15 9-10 10-4 11-10 12-10 13-9 14-3 15-10 16-8 17-10 18-10 19-6 20-10 
0-2 1-0 2-2 3-23 4-6 5-2 6-6 7-2 8-8 9-6 10-2 11-23 12-12 13-6 14-11 15-2 16-6 17-0 18-5 19-8 20-14 21-2 22-2 23-23 24-6 25-2 26-23 27-15 28-2 29-6 30-2 31-23 32-8 33-23 34-2 35-23 36-21 37-19 38-2 39-6 40-8 41-23 42-2 43-23 44-6 45-2 46-25 47-2 
0-11 1-8 2-7 3-2 4-3 5-1 6-3 7-7 8-1 9-3 10-4 11-7 12-5 13-3 14-7 15-8 16-3 17-9 18-8 19-11 
0-1 1-2 2-2 3-2 4-2 5-2 6-4 7-4 
0-8 1-3 2-7 3-4 4-5 5-6 6-7 7-8 8-14 9-10 10-4 11-12 12-13 13-14 
0-16 1-3 2-4 3-5 4-6 5-7 6-9 7-10 8-10 9-13 10-13 11-11 12-13 13-0 14-13 15-14 16-15 17-16 
0-6 1-1 2-2 3-3 4-4 5-5 6-4 7-2 8-7 9-4 10-10 11-2 12-14 13-4 14-15 15-17 16-18 
0-0 1-6 2-1 3-2 4-3 5-4 6-5 7-25 8-10 9-9 10-11 11-12 12-2 13-4 14-0 15-11 16-23 17-4 18-0 19-19 20-5 21-31 22-2 23-25 24-9 25-4 26-27 27-0 28-0 29-16 30-31 
0-0 1-0 2-24 3-3 4-26 5-2 6-6 7-7 8-2 9-10 10-31 11-11 12-26 13-0 14-5 15-13 16-31 17-26 18-24 19-17 20-53 21-24 22-25 23-26 24-24 25-27 26-7 27-26 28-38 29-53 30-31 31-15 32-24 33-17 34-15 35-33 36-35 37-0 38-37 39-38 40-39 41-0 42-24 43-41 44-7 45-43 46-15 47-5 48-58 49-59 50-15 51-31 52-0 53-32 54-15 55-38 56-31 57-50 58-26 59-60 60-38 61-5 62-59 63-53 64-24 65-25 66-26 67-24 68-27 69-60 
0-10 1-10 2-5 3-10 4-2 5-10 6-0 7-10 8-1 9-10 10-7 11-8 12-10 13-4 14-10 15-3 16-10 
0-0 1-2 2-3 3-13 4-4 5-3 6-0 7-10 8-15 9-11 10-12 11-13 12-8 13-15 
0-21 1-1 2-14 3-0 4-10 5-9 6-12 7-4 8-5 9-6 10-12 11-17 12-9 13-10 14-4 15-12 16-6 17-14 18-15 19-14 20-0 21-0 22-0 23-10 24-21 
0-0 1-1 2-36 3-2 4-0 5-0 6-7 7-0 8-0 9-10 10-9 11-11 12-6 13-0 14-0 15-13 16-14 17-0 18-20 19-20 20-18 21-0 22-18 23-0 24-36 25-20 26-0 27-11 28-22 29-0 30-33 31-0 32-0 33-33 34-24 35-0 36-24 37-18 38-36 39-0 40-20 41-33 42-15 43-24 44-36 45-6 46-36 
0-0 1-1 2-2 3-3 4-4 5-5 6-6 7-0 8-7 9-8 10-9 11-0 12-12 13-11 14-9 15-0 16-14 17-15 18-0 19-7 20-4 21-16 22-4 23-0 24-21 25-0 26-7 27-4 28-4 29-25 30-4 31-0 32-25 33-26 
0-7 1-8 2-17 3-3 4-11 5-10 6-6 7-8 8-16 9-13 10-5 11-17 12-2 13-14 14-6 15-6 16-8 17-4 18-17 
0-4 1-0 2-18 3-13 4-7 5-4 6-13 7-7 8-4 9-13 10-7 11-4 12-13 13-1 14-11 15-7 16-4 17-13 18-4 19-18 20-13 21-4 22-4 23-17 24-18 
0-10 1-11 2-3 3-13 4-14 5-15 6-13 7-0 8-1 9-16 10-8 11-13 12-0 13-5 14-4 15-6 16-6 17-7 18-6 19-8 20-9 21-16 
0-49 1-3 2-0 3-5 4-0 5-9 6-4 7-0 8-11 9-8 10-4 11-9 12-0 13-29 14-17 15-4 16-0 17-17 18-4 19-0 20-9 21-4 22-0 23-25 24-21 25-4 26-9 27-0 28-24 29-4 30-0 31-25 32-26 33-0 34-0 35-26 36-4 37-9 38-21 39-29 40-4 41-9 42-0 43-0 44-9 45-4 46-9 47-0 48-34 49-29 50-26 51-0 52-44 53-4 54-9 55-9 56-47 57-9 58-4 59-9 60-0 61-9 62-47 63-0 64-9 65-49 
0-0 1-1 2-9 3-13 4-5 5-7 6-0 7-6 8-7 9-8 10-2 11-2 12-12 13-0 14-16 15-0 16-15 17-13 18-7 19-18 20-19 21-7 22-23 23-0 24-5 25-7 26-0 27-25 28-26 29-9 30-0 31-0 32-14 33-29 
0-0 1-1 2-2 3-4 4-0 5-6 6-7 7-0 8-8 9-9 10-0 11-10 12-7 13-0 14-0 15-29 16-0 17-13 18-7 19-9 20-0 21-18 22-21 23-22 24-2 25-19 26-22 27-3 28-29 29-14 30-10 31-29 32-0 33-44 34-9 35-29 36-0 37-10 38-29 39-30 40-10 41-7 42-9 43-22 44-37 45-38 46-39 47-10 48-31 49-0 50-22 51-31 52-10 53-26 54-22 55-10 56-50 57-10 58-50 
0-0 1-1 2-37 3-3 4-3 5-16 6-6 7-12 8-2 9-11 10-12 11-13 12-14 13-12 14-15 15-16 16-3 17-18 18-26 19-14 20-19 21-20 22-12 23-30 24-14 25-34 26-3 27-38 28-16 29-20 30-28 31-12 32-30 33-14 34-30 35-3 36-30 37-12 38-7 39-6 40-38 41-15 42-38 
0-0 1-1 2-6 3-22 4-20 5-5 6-7 7-0 8-2 9-7 10-0 11-9 12-2 13-20 14-12 15-14 16-11 17-22 18-0 19-19 20-20 21-0 22-21 23-14 24-20 25-0 26-4 27-6 28-22 
0-12 1-1 2-12 3-4 4-12 5-6 6-4 7-12 8-2 9-4 10-12 11-4 12-4 13-6 14-12 15-2 16-12 
0-10 1-15 2-13 3-6 4-13 5-17 6-13 7-0 8-1 9-2 10-6 11-4 12-3 13-5 14-6 15-8 16-7 17-19 
0-0 1-1 2-11 3-3 4-4 5-7 6-41 7-6 8-33 9-0 10-7 11-2 12-16 13-10 14-11 15-12 16-14 17-15 18-2 19-11 20-20 21-17 22-18 23-0 24-11 25-3 26-7 27-41 28-11 29-41 30-33 31-26 32-0 33-41 34-19 35-7 36-9 37-41 38-11 39-32 40-33 41-11 42-34 43-10 44-0 45-21 46-33 47-15 48-35 49-33 50-38 51-15 52-33 53-40 54-41 
0-0 1-9 2-13 3-30 4-26 5-13 6-13 7-15 8-15 9-20 10-13 11-30 12-20 13-25 14-20 15-8 16-15 17-20 18-17 19-20 20-15 21-8 22-7 23-13 24-18 25-13 26-13 27-30 
0-0 1-1 2-3 3-4 4-5 5-0 6-6 7-7 8-0 9-8 10-9 11-7 12-0 13-10 14-11 15-7 16-0 17-12 18-13 19-4 20-5 21-0 22-17 23-7 24-20 25-8 26-7 27-0 28-16 29-24 
0-0 1-1 2-3 3-1 4-3 5-1 6-2 
0-0 1-1 2-2 3-0 4-7 5-12 6-0 7-4 8-5 9-12 10-0 11-6 12-1 13-10 14-0 15-11 16-12 17-0 18-7 19-12 20-12 21-0 22-12 23-0 24-17 25-0 26-18 27-0 28-12 29-0 30-5 31-21 
0-11 1-17 2-1 3-2 4-4 5-5 6-22 7-6 8-6 9-3 10-17 11-3 12-5 13-11 14-1 15-17 16-11 17-16 18-12 19-17 20-11 21-19 22-21 23-17 24-7 25-6 26-9 27-11 28-11 29-13 30-22 
0-20 1-1 2-2 3-0 4-4 5-2 6-8 7-4 8-2 9-13 10-15 11-2 12-19 13-0 14-20 
0-18 1-11 2-1 3-2 4-9 5-7 6-8 7-10 8-7 9-15 10-2 11-18 12-11 13-5 14-25 15-23 16-5 17-2 18-18 19-3 20-24 21-20 22-23 23-3 24-3 25-21 26-25 
0-3 1-5 2-9 3-18 4-8 5-5 6-15 7-7 8-9 9-18 10-11 11-5 12-15 13-13 14-0 15-15 16-12 17-18 18-18 19-19 20-21 21-22 
0-0 1-1 2-2 3-2 4-4 5-5 6-6 7-4 8-8 9-4 10-14 11-12 12-10 13-12 14-0 15-0 16-12 17-0 18-10 19-4 20-12 21-6 22-0 23-21 24-12 25-4 26-0 27-15 28-14 29-0 30-12 31-12 32-0 33-0 34-23 35-29 
0-0 1-10 2-15 3-6 4-4 5-10 6-1 7-6 8-7 9-7 10-8 11-6 12-7 13-9 14-1 15-15 16-12 17-6 18-11 19-15 20-17 21-16 22-18 23-19 24-6 25-23 26-24 
0-0 1-16 2-2 3-3 4-4 5-5 6-6 7-3 8-9 9-1 10-11 11-12 12-3 13-13 14-14 15-15 16-18 17-11 18-19 19-14 20-11 21-6 22-3 23-22 24-5 25-24 
0-0 1-1 2-3 3-0 4-0 5-8 6-6 7-0 8-0 9-2 10-4 11-10 12-12 13-3 14-0 15-15 16-0 17-0 18-16 19-0 20-0 21-19 22-18 23-20 
0-0 1-2 2-3 3-4 4-1 5-12 6-2 7-7 8-11 9-2 10-7 11-10 12-12 13-7 14-1 15-2 16-12 17-7 18-14 19-15 
0-30 1-15 2-16 3-7 4-4 5-10 6-2 7-12 8-11 9-13 10-14 11-2 12-1 13-16 14-2 15-17 16-15 17-16 18-2 19-15 20-16 21-2 22-29 23-25 24-28 25-2 26-2 27-26 28-30 
0-14 1-0 2-1 3-2 4-4 5-3 6-5 7-6 8-5 9-13 10-14 11-3 12-10 13-14 14-11 15-13 16-14 17-15 18-16 19-14 20-17 21-18 
0-0 1-10 2-0 3-0 4-1 5-2 6-0 7-3 8-2 9-0 10-10 11-15 12-27 13-0 14-36 15-19 16-13 17-14 18-15 19-0 20-18 21-17 22-19 23-0 24-21 25-22 26-0 27-23 28-19 29-10 30-27 31-0 32-10 33-0 34-29 35-2 36-29 37-34 38-33 39-2 40-36 41-2 42-10 43-37 
0-0 1-7 2-14 3-4 4-1 5-14 6-11 7-7 8-2 9-12 10-13 11-14 12-7 13-16 14-17 
0-9 1-0 2-9 3-9 4-2 5-4 6-3 7-1 8-3 9-9 10-9 11-1 12-9 13-9 14-8 15-3 16-9 
0-11 1-12 2-5 3-3 4-4 5-3 6-2 7-12 8-11 9-3 10-10 11-9 12-3 13-2 14-3 15-3 16-2 17-11 18-3 19-18 20-16 21-11 22-3 23-17 24-18 
0-0 1-3 2-2 3-0 4-1 5-2 6-0 7-31 8-2 9-0 10-3 11-25 12-2 13-2 14-0 15-3 16-2 17-0 18-1 19-13 20-0 21-3 22-3 23-0 24-1 25-25 26-0 27-19 28-25 29-27 30-25 31-29 32-29 33-30 34-25 35-32 36-31 37-36 38-25 39-35 40-36 
0-2 1-0 2-1 3-2 4-3 5-4 6-2 7-5 8-6 9-10 10-9 11-10 12-2 13-13 14-4 15-2 16-13 17-1 18-14 19-37 20-37 21-22 22-17 23-10 24-6 25-2 26-21 27-10 28-2 29-37 30-14 31-10 32-26 33-2 34-27 35-4 36-2 37-33 38-14 39-35 40-30 41-14 42-32 43-29 44-10 45-2 46-36 47-37 
0-0 1-8 2-3 3-7 4-3 5-3 6-4 7-5 8-3 9-3 10-6 11-9 12-3 13-8 14-3 15-10 16-3 17-11 18-3 19-1 20-3 21-14 22-8 23-16 24-27 25-24 26-1 27-3 28-3 29-19 30-3 31-27 32-3 33-27 34-12 35-22 36-12 37-3 38-3 39-26 40-27 
0-10 1-27 2-4 3-10 4-5 5-4 6-10 7-7 8-4 9-10 10-9 11-10 12-1 13-12 14-4 15-10 16-17 17-14 18-10 19-16 20-4 21-10 22-20 23-19 24-10 25-23 26-10 27-7 28-25 29-26 30-1 31-10 32-25 33-28 34-7 35-25 36-27 37-4 38-25 39-7 40-1 41-10 42-4 43-25 44-10 45-25 46-10 47-36 48-10 49-25 50-4 51-39 52-10 53-40 54-10 55-42 56-44 
0-15 1-1 2-2 3-3 4-13 5-6 6-9 7-6 8-6 9-4 10-7 11-12 12-13 13-6 14-6 15-14 16-29 17-17 18-13 19-6 20-18 21-12 22-6 23-26 24-13 25-3 26-12 27-6 28-22 29-25 30-26 31-28 32-32 33-12 34-29 35-6 36-29 37-30 38-32 
0-0 1-11 2-9 3-1 4-9 5-7 6-11 7-3 8-4 9-4 10-11 11-0 12-6 13-11 14-6 15-7 16-11 17-6 18-9 19-11 20-6 21-11 
0-28 1-1 2-2 3-28 4-1 5-10 6-6 7-7 8-8 9-9 10-10 11-11 12-12 13-9 14-10 15-13 16-12 17-14 18-7 19-15 20-9 21-9 22-10 23-10 24-27 25-10 26-10 27-13 28-12 29-10 30-10 31-26 32-2 33-23 34-4 35-0 36-28 
0-12 1-1 2-2 3-3 4-12 5-5 6-9 7-11 8-7 9-8 10-9 11-8 12-9 13-9 14-11 15-12 
0-0 1-1 2-3 3-27 4-27 5-5 6-6 7-0 8-7 9-27 10-4 11-6 12-27 13-30 14-27 15-9 16-4 17-0 18-6 19-6 20-16 21-4 22-9 23-19 24-9 25-30 26-0 27-29 28-25 29-16 30-23 31-27 32-0 33-30 34-30 
0-0 1-1 2-2 3-3 4-16 5-0 6-2 7-16 8-0 9-2 10-7 11-8 12-0 13-9 14-6 15-0 16-11 17-10 18-17 19-12 20-7 21-30 22-0 23-15 24-16 25-30 26-33 27-12 28-0 29-19 30-10 31-11 32-22 33-23 34-2 35-6 36-0 37-6 38-16 39-0 40-29 41-16 42-6 43-16 44-31 45-11 46-33 
0-2 1-2 2-2 3-1 4-2 5-2 6-2 7-3 
0-14 1-4 2-14 3-1 4-1 5-0 6-1 7-2 8-4 9-1 10-6 11-5 12-14 13-7 14-14 15-7 16-1 17-12 18-13 19-1 20-1 21-9 22-14 
0-0 1-0 2-1 3-17 4-3 5-4 6-6 7-5 8-1 9-8 10-3 11-11 12-12 13-13 14-2 15-11 16-11 17-15 18-20 19-20 20-16 21-11 22-11 23-19 24-20 
0-0 1-1 2-2 3-0 
0-0 1-2 2-7 3-4 4-3 5-9 6-7 7-6 8-1 9-6 10-7 11-8 12-9 13-7 14-10 15-11 16-9 17-7 18-1 19-11 20-9 21-7 22-1 23-15 24-9 25-7 26-9 27-17 
0-7 1-1 2-2 3-3 4-6 5-5 6-4 7-3 8-9 9-16 10-1 11-11 12-12 13-3 14-7 15-16 16-3 17-17 18-17 19-3 20-7 21-18 22-19 
0-0 1-1 2-2 3-1 4-1 5-8 6-7 7-1 8-3 9-9 10-5 11-9 
0-25 1-25 2-21 3-2 4-3 5-4 6-25 7-7 8-8 9-0 10-0 11-13 12-3 13-24 14-0 15-3 16-0 17-5 18-3 19-17 20-13 21-18 22-3 23-19 24-19 25-25 
0-1 1-0 2-0 3-0 
0-0 1-2 2-26 3-3 4-4 5-5 6-3 7-6 8-26 9-26 10-6 11-6 12-26 13-6 14-14 15-6 16-5 17-3 18-0 19-6 20-14 21-18 22-3 23-2 24-19 25-3 26-6 27-0 28-25 29-26 
0-15 1-0 2-1 3-15 4-2 5-3 6-13 7-7 8-8 9-9 10-7 11-4 12-18 13-12 14-12 15-4 16-15 17-7 18-18 19-15 20-16 21-21 22-13 23-4 24-13 25-21 26-15 27-14 28-20 29-21 
0-26 1-26 2-0 3-1 4-26 5-0 6-6 7-7 8-8 9-3 10-3 11-16 12-3 13-23 14-3 15-21 16-0 17-3 18-3 19-10 20-3 21-0 22-16 23-3 24-0 25-18 26-6 27-3 28-25 29-25 30-26 
0-0 1-2 2-1 3-13 4-4 5-9 6-11 7-23 8-13 9-3 10-4 11-11 12-6 13-4 14-4 15-18 16-20 17-37 18-4 19-16 20-20 21-4 22-9 23-11 24-25 25-13 26-6 27-25 28-18 29-9 30-31 31-13 32-23 33-33 34-13 35-37 
0-12 1-3 2-3 3-8 4-4 5-3 6-12 7-18 8-18 9-8 10-10 11-3 12-12 13-11 14-13 15-4 16-10 17-10 18-12 19-2 20-18 21-12 22-3 23-16 24-18 
0-3 1-0 2-19 3-3 4-3 5-3 6-3 7-3 8-14 9-5 10-3 11-14 12-8 13-9 14-35 15-11 16-14 17-14 18-8 19-8 20-3 21-14 22-14 23-8 24-3 25-14 26-22 27-14 28-8 29-8 30-26 31-8 32-5 33-14 34-8 35-8 36-26 37-10 38-14 39-35 
0-4 1-2 2-9 3-9 4-12 5-4 6-0 7-6 8-7 9-3 10-4 11-4 12-2 13-12 14-10 15-11 16-12 
0-1 1-15 2-4 3-2 4-15 5-3 6-4 7-5 8-5 9-15 10-4 11-8 12-9 13-1 14-1 15-15 16-14 17-1 18-15 
0-5 1-6 2-7 3-4 4-3 5-9 
0-0 1-1 2-32 3-2 4-3 5-4 6-5 7-0 8-0 9-11 10-8 11-4 12-11 13-0 14-13 15-25 16-14 17-4 18-25 19-0 20-0 21-24 22-17 23-4 24-0 25-22 26-0 27-14 28-17 29-25 30-0 31-17 32-0 33-0 34-17 35-4 36-4 37-0 38-17 39-14 40-0 41-23 42-17 43-17 44-32 
0-0 1-3 2-10 3-7 4-6 5-9 6-8 7-7 8-10 9-6 10-7 11-14 
0-0 1-1 2-2 3-3 4-3 5-3 6-3 7-3 8-4 9-3 10-8 11-3 12-4 13-3 14-3 15-14 16-14 17-12 18-13 19-14 
0-0 1-8 2-8 3-10 4-5 5-6 6-6 7-8 8-8 9-5 10-7 11-8 12-9 13-14 14-8 15-10 16-11 17-15 
0-0 1-1 2-6 3-25 4-6 5-6 6-4 7-3 8-5 9-6 10-2 11-11 12-18 13-11 14-13 15-6 16-28 17-18 18-11 19-6 20-11 21-1 22-6 23-11 24-6 25-22 26-11 27-23 28-6 29-24 30-9 31-27 32-11 33-28 
0-0 1-2 2-3 3-4 4-7 5-5 6-18 7-7 8-7 9-7 10-14 11-9 12-10 13-9 14-12 15-7 16-7 17-5 18-13 19-13 20-15 21-7 22-7 23-2 24-9 25-7 26-17 27-18 
0-0 1-2 2-3 3-2 4-5 5-13 6-13 7-5 8-3 9-4 10-5 11-3 12-7 13-6 14-2 15-27 16-3 17-19 18-5 19-3 20-19 21-5 22-22 23-14 24-15 25-25 26-14 27-27 28-28 29-29 30-9 31-5 32-5 33-5 34-38 35-31 36-2 37-29 38-34 39-15 40-0 41-5 42-36 43-2 44-37 45-39 
0-0 1-4 2-1 3-3 4-4 5-8 6-4 7-4 8-7 9-4 10-26 11-10 12-9 13-8 14-1 15-4 16-12 17-0 18-15 19-4 20-25 21-25 22-4 23-26 24-8 25-0 26-0 27-8 28-8 29-4 30-8 31-0 32-8 33-21 34-13 35-26 
0-0 1-2 2-3 3-3 4-9 5-11 6-9 7-9 8-3 9-6 10-10 11-12 
0-0 1-2 2-3 3-4 4-8 5-6 6-8 7-8 8-7 9-8 
0-10 1-13 2-10 3-10 4-13 5-2 6-10 7-10 8-7 9-10 10-8 11-4 12-29 13-10 14-11 15-13 16-10 17-10 18-13 19-16 20-10 21-18 22-8 23-20 24-17 25-8 26-10 27-10 28-24 29-25 30-10 31-16 32-16 33-28 34-29 
0-2 1-1 2-1 3-1 4-1 
0-3 1-15 2-5 3-3 4-7 5-8 6-15 7-13 8-3 9-1 10-18 11-12 12-11 13-5 14-15 15-0 16-16 17-20 18-5 19-10 20-0 21-22 22-13 23-3 24-25 25-26 
0-36 1-2 2-14 3-5 4-9 5-4 6-14 7-7 8-6 9-15 10-17 11-31 12-9 13-6 14-10 15-31 16-14 17-10 18-11 19-10 20-1 21-14 22-15 23-16 24-17 25-10 26-19 27-14 28-10 29-22 30-21 31-9 32-10 33-30 34-15 35-10 36-15 37-14 38-10 39-4 40-35 41-36 
0-0 1-1 2-3 3-13 4-3 5-0 6-0 7-2 8-7 9-0 10-8 11-9 12-0 13-10 14-11 15-0 16-12 17-13 18-5 19-0 20-5 21-0 22-16 23-17 24-18 
0-10 1-6 2-1 3-2 4-10 5-5 6-4 7-5 8-10 9-5 10-6 11-6 12-10 13-6 14-10 15-10 16-8 17-10 
0-18 1-7 2-18 3-9 4-18 5-10 6-20 7-14 8-6 9-18 10-5 11-18 12-14 13-18 14-18 15-3 16-11 17-4 18-18 19-6 20-19 21-20 
0-3 1-3 2-0 3-3 4-3 5-4 6-4 
0-25 1-4 2-25 3-4 4-19 5-10 6-2 7-4 8-10 9-10 10-7 11-10 12-17 13-17 14-12 15-14 16-10 17-16 18-19 19-17 20-20 21-21 22-19 23-19 24-24 25-25 
0-3 1-1 2-2 3-3 
0-0 1-0 2-1 3-2 4-3 5-4 6-3 7-4 8-6 9-4 10-4 11-10 12-12 13-23 14-7 15-13 16-15 17-15 18-23 19-13 20-18 21-3 22-21 23-15 24-15 25-23 
0-0 1-12 2-1 3-18 4-18 5-12 6-18 7-18 8-0 9-0 10-7 11-0 12-9 13-10 14-7 15-12 16-13 17-18 18-15 19-9 20-1 21-18 
0-11 1-6 2-16 3-7 4-4 5-9 6-4 7-11 8-12 9-1 10-4 11-11 12-15 13-16 
0-0 1-18 2-9 3-2 4-3 5-4 6-7 7-6 8-7 9-8 10-9 11-10 12-11 13-9 14-13 15-5 16-4 17-6 18-9 19-9 20-14 21-17 22-18 
0-6 1-0 2-2 3-3 4-6 5-0 6-6 7-0 8-6 9-6 10-9 11-10 12-3 13-12 14-0 15-9 16-16 17-17 18-12 19-0 20-19 21-21 22-22 23-20 24-22 
0-0 1-0 2-17 3-3 4-20 5-17 6-6 7-3 8-23 9-10 10-4 11-12 12-13 13-9 14-10 15-4 16-17 17-17 18-20 19-4 20-22 21-23 22-24 
0-0 1-1 2-5 3-5 4-3 5-6 6-3 7-8 8-3 9-9 10-13 11-6 12-5 13-14 14-15 15-16 
0-40 1-0 2-29 3-0 4-0 5-11 6-12 7-0 8-0 9-23 10-2 11-18 12-3 13-15 14-2 15-19 16-14 17-11 18-38 19-18 20-19 21-0 22-0 23-21 24-14 25-24 26-23 27-0 28-14 29-28 30-40 31-27 32-0 33-6 34-0 35-32 36-13 37-33 38-13 39-0 40-15 41-6 42-37 43-39 44-40 
0-9 1-0 2-9 3-2 4-3 5-4 6-3 7-8 8-9 
0-3 1-2 2-6 3-2 4-0 5-1 
0-0 1-3 2-3 3-4 4-6 5-6 6-3 7-4 8-4 9-3 10-6 11-13 12-14 13-6 14-2 15-3 16-17 17-6 18-18 19-19 
0-0 1-2 2-3 3-2 4-2 5-1 6-3 7-12 8-3 9-3 10-2 
0-1 1-8 2-1 3-1 4-4 5-3 6-5 7-1 8-5 9-8 
0-9 1-1 2-2 3-1 4-6 5-7 6-8 7-9 8-10 9-11 10-6 11-13 12-14 
0-0 1-1 2-2 3-3 4-1 5-15 6-0 7-4 8-5 9-29 10-2 11-28 12-28 13-19 14-1 15-18 16-9 17-3 18-1 19-21 20-0 21-11 22-16 23-25 24-29 25-27 26-28 27-28 28-29 
0-0 1-3 2-1 3-3 4-2 5-0 
0-0 1-0 2-0 
0-1 1-0 2-1 3-0 4-0 
0-0 1-1 2-2 
0-0 1-1 2-2 3-3 4-17 5-5 6-2 7-7 8-8 9-2 10-11 11-23 12-1 13-13 14-21 15-44 16-17 17-2 18-44 19-17 20-21 21-21 22-40 23-4 24-2 25-25 26-26 27-4 28-15 29-17 30-2 31-29 32-17 33-2 34-32 35-21 36-2 37-32 38-2 39-2 40-36 41-17 42-2 43-38 44-40 45-1 46-58 47-40 48-40 49-21 50-40 51-21 52-21 53-17 54-2 55-38 56-17 57-21 58-40 59-4 60-4 61-40 62-4 63-40 64-1 65-58 
0-0 1-53 2-1 3-0 4-0 5-5 6-32 7-7 8-8 9-13 10-34 11-7 12-8 13-9 14-0 15-0 16-2 17-18 18-0 19-5 20-7 21-7 22-8 23-0 24-7 25-8 26-24 27-0 28-0 29-0 30-0 31-32 32-0 33-34 34-0 35-32 36-5 37-7 38-7 39-8 40-0 41-0 42-14 43-0 44-0 45-5 46-7 47-7 48-8 49-0 50-0 51-53 
0-0 1-0 2-0 
0-0 1-1 
0-0 1-1 2-2 3-3 4-4 5-5 6-4 7-5 8-4 9-9 10-10 11-11 12-3 13-13 
0-0 1-10 2-1 3-2 4-3 5-4 6-10 7-5 8-2 9-7 10-8 11-9 12-10 13-11 14-9 15-14 16-15 17-16 18-17 
0-13 1-7 2-8 3-2 4-3 5-2 6-9 7-10 8-1 9-9 10-12 11-12 12-13 13-14 14-13 15-14 16-9 17-5 18-12 19-13 20-14 21-24 22-14 23-26 
0-0 1-1 2-13 3-4 4-8 5-15 6-15 7-10 8-3 9-5 10-0 11-5 12-8 13-8 14-1 15-8 16-16 17-18 
0-0 1-1 2-0 3-7 4-5 5-3 6-33 7-6 8-11 9-10 10-10 11-11 12-41 13-0 14-36 15-0 16-10 17-11 18-8 19-41 20-6 21-3 22-11 23-25 24-10 25-24 26-3 27-27 28-6 29-3 30-18 31-26 32-3 33-19 34-3 35-10 36-45 37-10 38-14 39-6 40-25 41-11 42-19 43-46 
0-5 1-0 2-5 3-0 4-5 5-5 6-4 7-3 8-5 9-5 10-5 11-7 12-5 13-5 14-6 15-5 16-0 17-9 18-10 19-0 20-12 
0-1 1-0 2-4 3-0 4-4 5-4 6-1 7-4 8-4 9-4 10-1 11-0 12-9 13-10 14-0 15-12 
0-1 1-0 2-3 3-0 4-3 5-3 6-1 7-3 8-0 9-6 10-7 11-0 12-9 
0-1 1-0 2-4 3-0 4-4 5-4 6-3 7-4 8-4 9-4 10-3 11-0 12-7 13-8 14-0 15-10 
0-1 1-0 2-4 3-0 4-4 5-4 6-4 7-4 8-4 9-4 10-3 11-4 12-3 13-4 14-0 15-8 16-9 17-0 18-11 
0-1 1-0 2-0 3-0 4-8 5-8 6-3 7-0 8-5 9-6 10-0 11-8 
0-1 1-0 2-4 3-0 4-4 5-4 6-1 7-4 8-4 9-4 10-1 11-0 12-7 13-8 14-0 15-10 
0-0 1-0 2-5 3-0 4-5 5-5 6-4 7-1 8-5 9-5 10-5 11-5 12-6 13-0 14-9 15-10 16-0 17-12 
0-1 1-0 2-1 3-0 4-1 5-1 6-3 7-0 8-5 9-6 10-0 11-8 
0-1 1-0 2-7 3-0 4-9 5-7 6-5 7-9 8-7 9-7 10-1 11-6 12-9 13-7 14-1 15-9 16-7 17-11 18-11 19-0 20-14 21-15 22-0 23-17 
0-1 1-0 2-0 3-0 4-8 5-0 6-3 7-0 8-5 9-6 10-0 11-8 
0-1 1-0 2-4 3-0 4-4 5-4 6-3 7-4 8-4 9-4 10-6 11-4 12-4 13-6 14-0 15-8 16-9 17-0 18-11 
0-0 1-0 2-5 3-0 4-5 5-5 6-1 7-3 8-5 9-5 10-5 11-1 12-1 13-0 14-9 15-10 16-0 17-12 
0-1 1-0 2-5 3-0 4-5 5-5 6-5 7-1 8-5 9-5 10-5 11-1 12-1 13-0 14-9 15-10 16-0 17-12 
0-3 1-0 2-4 3-0 4-4 5-4 6-3 7-4 8-4 9-4 10-6 11-4 12-4 13-5 14-0 15-8 16-9 17-0 18-11 
0-1 1-0 2-10 3-0 4-10 5-10 6-1 7-10 8-0 9-1 10-10 11-1 12-7 13-0 14-9 
0-1 1-0 2-29 3-20 4-14 5-0 6-20 7-14 8-3 9-4 10-20 11-14 12-6 13-20 14-14 15-38 16-7 17-20 18-14 19-39 20-20 21-33 22-30 23-20 24-14 25-25 26-22 27-20 28-14 29-6 30-20 31-14 32-38 33-33 34-33 35-7 36-29 37-7 38-33 39-7 40-33 41-14 42-0 43-37 44-14 45-7 46-7 47-33 48-37 49-18 50-14 51-0 52-9 53-4 54-14 55-7 56-20 57-18 58-33 59-33 60-7 61-44 
0-0 1-7 2-1 3-8 4-7 5-7 6-7 7-3 8-7 9-3 10-3 11-4 12-10 13-4 14-5 15-4 16-7 17-7 18-7 19-3 20-3 21-4 22-10 23-4 24-19 25-4 26-21 
0-0 1-3 2-1 3-3 4-2 5-0 
0-0 1-0 2-0 
0-0 1-1 2-1 
0-0 1-1 2-1 
0-9 1-1 2-2 3-1 4-6 5-7 6-8 7-9 8-10 9-11 10-6 11-13 
0-0 1-2 2-1 3-2 4-3 5-4 6-5 
0-27 1-2 2-4 3-11 4-12 5-7 6-11 7-4 8-0 9-27 10-2 11-4 12-1 13-10 14-7 15-28 16-12 17-1 18-10 19-7 20-27 21-8 22-10 23-7 24-28 25-29 
0-0 1-3 2-1 3-3 4-2 5-0 
0-0 1-1 2-2 
0-0 1-2 2-3 3-20 4-4 5-7 6-17 7-20 8-9 9-5 10-4 11-9 12-11 13-20 14-13 15-14 16-9 17-13 18-4 19-9 20-4 21-20 22-18 23-9 24-9 25-20 26-9 27-22 28-23 
0-0 1-4 2-7 3-4 4-11 5-7 6-11 7-5 8-4 9-7 10-5 11-8 12-11 13-14 14-11 15-12 16-4 17-0 18-14 
0-0 1-1 2-2 3-0 4-1 
0-9 1-1 2-2 3-1 4-6 5-7 6-8 7-9 8-10 9-11 10-6 11-13 
0-0 1-8 2-1 3-2 4-3 5-4 6-2 7-6 8-7 9-8 10-10 11-10 12-8 13-9 14-13 
0-22 1-2 2-4 3-2 4-4 5-1 6-4 7-4 8-4 9-0 10-22 11-10 12-4 13-1 14-10 15-7 16-22 17-8 18-10 19-7 20-23 21-24 
0-0 1-3 2-1 3-3 4-2 5-0 
0-0 1-1 2-2 
0-2 1-11 2-3 3-2 4-3 5-3 6-10 7-5 8-4 9-5 10-7 11-8 12-5 13-5 14-11 
0-0 1-1 2-1 3-3 4-0 5-2 6-2 
0-9 1-1 2-2 3-1 4-6 5-7 6-8 7-9 8-10 9-11 10-6 11-13 
0-0 1-2 2-1 3-2 4-3 5-4 6-5 
0-0 1-1 2-2 3-2 4-4 5-5 6-10 7-7 8-6 9-5 10-10 11-11 12-12 13-2 14-4 15-0 16-2 17-18 18-12 19-17 20-17 21-10 22-7 23-15 24-8 25-10 26-7 27-25 28-26 
0-0 1-3 2-1 3-3 4-2 5-0 
0-0 1-1 2-2 
0-0 1-0 2-5 3-8 4-2 5-1 6-3 7-5 8-3 9-8 
0-0 1-0 2-0 
0-0 1-0 
0-0 1-1 2-2 3-3 4-4 5-5 6-6 7-7 8-6 9-6 10-10 11-5 12-6 13-12 14-13 15-14 16-15 17-3 18-17 
0-0 1-2 2-1 3-2 4-3 5-4 6-2 7-5 8-2 9-7 10-8 11-9 
0-0 1-1 2-2 3-12 4-5 5-15 6-13 7-4 8-1 9-7 10-8 11-0 12-2 13-12 14-13 15-14 16-15 17-13 18-16 19-12 20-13 21-17 22-15 23-13 24-9 25-25 26-2 27-13 28-15 29-21 30-24 31-15 
0-0 1-1 2-8 3-3 4-27 5-8 6-53 7-16 8-8 9-6 10-9 11-17 12-8 13-7 14-27 15-9 16-15 17-9 18-12 19-27 20-8 21-3 22-17 23-4 24-17 25-8 26-53 27-20 28-17 29-8 30-21 31-0 32-17 33-8 34-24 35-26 36-9 37-3 38-0 39-9 40-7 41-8 42-9 43-17 44-8 45-26 46-9 47-27 48-8 49-39 50-41 51-8 52-9 53-8 54-51 55-52 56-46 57-46 58-46 59-27 60-8 61-50 62-46 
0-0 1-23 2-15 3-0 4-13 5-10 6-27 7-9 8-23 9-23 10-18 11-23 12-23 13-3 14-3 15-4 16-23 17-23 18-3 19-3 20-10 21-23 22-18 23-17 24-19 25-21 26-23 27-20 28-16 29-23 30-3 31-26 32-3 33-23 34-29 35-7 36-31 
0-0 1-1 2-55 3-8 4-4 5-3 6-34 7-6 8-2 9-8 10-41 11-10 12-8 13-32 14-34 15-55 16-8 17-34 18-34 19-10 20-8 21-18 22-1 23-8 24-77 25-24 26-77 27-10 28-27 29-32 30-1 31-8 32-31 33-34 34-8 35-34 36-39 37-20 38-55 39-8 40-13 41-20 42-1 43-8 44-1 45-34 46-39 47-34 48-1 49-46 50-25 51-48 52-49 53-50 54-1 55-52 56-8 57-53 58-55 59-55 60-8 61-20 62-10 63-34 64-34 65-34 66-55 67-8 68-63 69-10 70-8 71-65 72-1 73-1 74-67 75-34 76-70 77-10 78-8 79-13 80-39 81-52 82-8 83-73 84-34 85-8 86-4 87-10 88-8 89-77 90-77 91-39 92-8 93-77 94-47 95-39 96-0 97-34 98-25 99-10 100-34 101-8 102-1 103-34 104-90 105-55 106-13 
0-0 1-1 2-9 3-5 4-5 5-9 6-2 7-4 8-1 9-9 10-10 11-5 12-9 13-12 14-23 15-2 16-20 17-3 18-9 19-7 20-22 21-5 22-9 23-20 24-23 
0-0 1-3 2-1 3-3 4-2 5-0 
0-0 1-1 2-1 3-4 4-7 5-6 6-7 7-13 8-6 9-7 10-9 11-10 12-11 13-12 14-6 15-7 16-5 17-15 18-16 19-17 20-4 21-19 
0-0 1-2 2-1 3-2 4-3 5-4 6-5 
0-0 1-4 2-2 3-3 4-4 5-5 6-6 7-4 8-7 9-4 10-9 11-3 12-11 13-12 
0-0 1-3 2-1 3-3 4-2 5-0 
0-0 1-0 2-0 
0-0 1-0 2-2 3-2 
0-0 1-1 2-1 
0-0 1-1 2-2 3-3 4-0 5-2 6-6 7-0 8-8 9-8 10-10 11-11 12-12 13-0 14-14 15-14 16-6 17-0 18-6 19-3 20-0 21-18 22-6 23-0 24-21 25-22 
0-0 1-1 2-1 3-3 4-4 5-5 6-6 7-6 8-8 9-9 10-10 11-3 12-12 
0-0 1-29 2-1 3-2 4-19 5-45 6-18 7-18 8-20 9-29 10-29 11-6 12-23 13-9 14-29 15-29 16-32 17-11 18-29 19-19 20-29 21-22 22-3 23-10 24-29 25-29 26-38 27-37 28-38 29-19 30-29 31-32 32-29 33-29 34-44 35-2 36-12 37-26 38-20 39-28 40-29 41-31 42-29 43-33 44-45 
0-27 1-22 2-0 3-20 4-4 5-5 6-6 7-7 8-8 9-5 10-10 11-20 12-5 13-13 14-8 15-20 16-5 17-27 18-5 19-14 20-14 21-3 22-5 23-17 24-20 25-21 26-22 27-23 28-23 29-5 30-26 31-27 32-28 
0-8 1-28 2-28 3-6 4-32 5-6 6-0 7-21 8-6 9-4 10-21 11-29 12-11 13-7 14-8 15-9 16-10 17-11 18-23 19-14 20-4 21-14 22-6 23-14 24-21 25-14 26-6 27-8 28-25 29-11 30-8 31-27 32-28 33-6 34-21 35-23 36-14 37-8 38-12 39-34 40-35 41-36 
0-0 1-1 2-4 3-5 4-14 5-7 6-8 7-9 8-10 9-10 10-19 11-20 12-30 13-15 14-5 15-18 16-19 17-20 18-15 19-7 20-5 21-15 22-3 23-5 24-27 25-7 26-5 27-29 28-30 
0-14 1-14 2-5 3-5 4-33 5-20 6-2 7-14 8-3 9-5 10-1 11-5 12-6 13-7 14-8 15-9 16-10 17-11 18-12 19-7 20-14 21-15 22-15 23-10 24-14 25-15 26-10 27-19 28-19 29-5 30-11 31-14 32-24 33-27 34-26 35-27 36-22 37-28 38-28 39-10 40-0 41-11 42-20 43-18 44-33 
0-0 1-1 2-2 3-4 4-19 5-17 6-24 7-4 8-24 9-0 10-4 11-9 12-11 13-19 14-12 15-11 16-14 17-19 18-4 19-28 20-11 21-17 22-18 23-19 24-20 25-21 26-22 27-22 28-10 29-17 30-27 31-19 32-7 33-17 34-8 35-28 
0-7 1-4 2-7 3-7 4-8 5-7 6-15 7-10 8-11 9-12 10-7 11-14 12-15 
0-0 1-10 2-1 3-2 4-3 5-9 6-8 7-2 8-3 9-9 10-8 11-7 12-3 13-9 14-8 15-10 
0-0 1-1 2-2 3-3 4-4 5-5 6-5 7-7 8-8 9-9 10-2 11-0 12-11 13-7 14-13 15-8 16-2 17-0 18-26 19-9 20-2 21-0 22-25 23-0 24-0 25-23 26-9 27-19 28-2 29-26 
0-49 1-1 2-2 3-5 4-3 5-5 6-6 7-9 8-18 9-11 10-18 11-13 12-14 13-15 14-18 15-13 16-19 17-6 18-9 19-5 20-49 21-9 22-28 23-29 24-5 25-47 26-18 27-9 28-18 29-29 30-15 31-18 32-36 33-19 34-6 35-15 36-9 37-5 38-6 39-9 40-14 41-45 42-1 43-45 44-5 45-18 46-5 47-49 
0-10 1-7 2-10 3-4 4-5 5-10 6-3 7-10 8-10 9-6 10-20 11-8 12-10 13-11 14-12 15-8 16-10 17-13 18-3 19-12 20-3 21-23 
0-0 1-34 2-9 3-13 4-3 5-29 6-29 7-8 8-9 9-10 10-14 11-12 12-16 13-11 14-13 15-14 16-15 17-16 18-20 19-29 20-18 21-29 22-13 23-18 24-14 25-24 26-16 27-14 28-27 29-6 30-34 31-1 32-6 33-16 34-29 35-14 36-33 37-16 38-14 39-30 40-34 
0-30 1-7 2-0 3-7 4-1 5-3 6-11 7-27 8-7 9-5 10-30 11-10 12-6 13-1 14-27 15-8 16-7 17-9 18-27 19-18 20-15 21-11 22-7 23-7 24-5 25-7 26-11 27-7 28-7 29-0 30-27 31-7 32-29 33-7 34-28 35-30 
0-0 1-1 2-2 3-3 4-15 5-5 6-6 7-12 8-3 9-0 10-12 11-13 12-6 13-0 14-6 15-15 16-12 17-15 18-0 19-16 20-18 
0-0 1-1 2-2 3-3 4-0 5-8 6-16 7-2 8-10 9-0 10-0 11-1 12-15 13-0 14-5 15-17 16-18 
0-0 1-1 2-4 3-2 4-3 5-7 6-5 7-6 8-7 
0-8 1-5 2-9 3-11 4-9 5-8 6-0 7-4 8-2 9-7 10-7 11-8 12-12 13-8 14-14 15-15 
0-34 1-1 2-5 3-3 4-34 5-16 6-9 7-4 8-5 9-17 10-7 11-4 12-12 13-17 14-11 15-0 16-16 17-0 18-34 19-13 20-4 21-19 22-18 23-21 24-22 25-3 26-0 27-1 28-13 29-3 30-0 31-16 32-17 33-4 34-25 35-26 36-4 37-33 38-28 39-22 40-9 41-13 42-7 43-32 44-34 
0-0 1-1 2-2 3-0 4-3 5-9 6-0 7-3 8-2 9-0 10-7 11-8 12-9 
0-0 1-1 2-2 3-0 4-3 5-4 6-0 7-6 8-18 9-9 10-8 11-2 12-0 13-12 14-2 15-10 16-15 17-17 18-2 19-4 20-2 21-16 22-18 
0-6 1-5 2-6 3-2 4-7 5-1 6-3 7-10 8-7 9-3 10-9 11-11 
0-1 1-0 2-1 3-17 4-3 5-4 6-5 7-3 8-6 9-9 10-1 11-9 12-10 13-1 14-12 15-1 16-13 17-14 18-13 19-15 20-1 21-2 22-1 23-24 24-3 25-23 26-10 27-1 28-22 29-25 
0-0 1-1 2-2 3-6 4-14 5-8 6-3 7-4 8-34 9-6 10-11 11-10 12-12 13-6 14-14 15-16 16-14 17-14 18-12 19-6 20-14 21-16 22-26 23-23 24-0 25-26 26-8 27-12 28-28 29-30 30-11 31-6 32-33 33-32 34-6 35-32 36-34 
0-10 1-1 2-15 3-6 4-15 5-4 6-1 7-15 8-2 9-7 10-4 11-8 12-10 13-24 14-12 15-4 16-15 17-15 18-4 19-1 20-15 21-22 22-32 23-4 24-32 25-1 26-15 27-2 28-1 29-10 30-15 31-4 32-1 33-25 34-34 35-29 36-32 37-4 38-1 39-34 
0-0 1-1 2-2 3-3 4-0 5-2 6-15 7-15 8-0 9-15 10-3 11-7 12-8 13-2 14-10 15-15 16-10 17-7 18-8 19-2 20-3 21-0 22-3 23-3 24-2 25-2 26-15 
0-29 1-5 2-3 3-29 4-17 5-29 6-5 7-7 8-3 9-5 10-7 11-21 12-5 13-3 14-29 15-21 16-12 17-0 18-3 19-1 20-3 21-7 22-14 23-29 24-7 25-5 26-3 27-5 28-7 29-21 30-17 31-18 32-19 33-14 34-5 35-21 36-5 37-8 38-25 39-5 40-21 41-28 42-27 43-29 
0-15 1-19 2-3 3-1 4-4 5-8 6-15 7-9 8-11 9-10 10-11 11-15 12-13 13-1 14-8 15-2 16-5 17-15 18-17 19-16 20-8 21-15 22-3 23-19 
0-25 1-3 2-1 3-14 4-10 5-3 6-0 7-14 8-3 9-5 10-4 11-6 12-14 13-7 14-10 15-7 16-8 17-14 18-3 19-15 20-16 21-25 22-14 23-18 24-19 25-14 26-20 27-21 28-22 29-24 30-25 
0-8 1-0 2-6 3-4 4-4 5-3 6-4 7-8 8-5 9-6 10-4 11-8 12-5 13-7 14-8 15-4 16-4 17-9 18-10 
0-10 1-0 2-1 3-10 4-2 5-17 6-6 7-10 8-7 9-8 10-8 11-9 12-10 13-6 14-14 15-12 16-14 17-10 18-15 19-8 20-17 21-6 22-14 23-10 24-19 25-17 26-10 27-6 28-6 29-23 
0-14 1-3 2-4 3-24 4-5 5-14 6-6 7-2 8-24 9-7 10-14 11-14 12-11 13-10 14-0 15-14 16-18 17-7 18-14 19-16 20-17 21-19 22-14 23-7 24-10 25-14 26-7 27-2 28-24 29-7 30-2 31-24 32-14 33-27 34-7 35-14 36-2 37-30 
0-8 1-3 2-5 3-2 4-11 5-8 6-8 7-0 8-6 9-5 10-7 11-1 12-8 13-9 14-10 15-11 
0-5 1-0 2-5 3-20 4-14 5-4 6-5 7-14 8-14 9-4 10-5 11-9 12-10 13-11 14-11 15-10 16-5 17-5 18-12 19-5 20-14 21-4 22-5 23-22 24-14 25-5 26-4 27-5 28-19 29-23 
0-32 1-1 2-1 3-2 4-28 5-1 6-12 7-1 8-1 9-19 10-1 11-1 12-25 13-5 14-1 15-17 16-1 17-1 18-44 19-26 20-1 21-1 22-19 23-13 24-14 25-44 26-13 27-19 28-17 29-1 30-21 31-11 32-18 33-37 34-13 35-17 36-23 37-1 38-1 39-1 40-25 41-26 42-17 43-19 44-19 45-19 46-1 47-36 48-13 49-17 50-44 51-17 52-1 53-19 54-1 55-1 56-19 57-1 58-1 59-13 60-44 61-24 62-35 63-39 64-11 65-1 66-19 67-39 68-19 69-44 
0-10 1-13 2-10 3-13 4-13 5-12 6-10 7-10 8-4 9-10 10-6 11-12 12-6 13-10 14-8 15-10 16-1 17-10 18-10 19-12 20-11 21-13 
0-4 1-3 2-5 3-6 4-2 5-1 6-6 7-6 8-4 9-6 10-6 11-0 12-0 13-6 
0-21 1-27 2-3 3-27 4-3 5-3 6-27 7-13 8-10 9-7 10-27 11-2 12-3 13-21 14-30 15-27 16-2 17-27 18-27 19-3 20-15 21-27 22-17 23-2 24-3 25-30 26-27 27-27 28-27 29-2 30-27 31-21 32-24 33-21 34-27 35-21 36-26 37-23 38-27 39-27 40-28 41-30 42-30 43-3 
0-21 1-11 2-0 3-21 4-1 5-11 6-2 7-2 8-7 9-21 10-14 11-7 12-21 13-7 14-0 15-21 16-5 17-21 18-4 19-0 20-21 21-10 22-21 23-9 24-11 25-21 26-13 27-21 28-21 29-12 30-14 31-21 32-21 33-7 34-0 35-21 36-17 37-18 38-19 39-19 40-21 
0-0 1-14 2-1 3-2 4-12 5-6 6-12 7-12 8-6 9-11 10-11 11-9 12-12 13-6 14-9 15-12 16-6 17-11 18-11 19-11 20-8 21-13 22-14 
0-5 1-0 2-7 3-4 4-7 5-0 6-5 7-0 8-0 9-7 
0-3 1-32 2-25 3-10 4-14 5-14 6-23 7-16 8-9 9-14 10-10 11-3 12-11 13-16 14-13 15-14 16-10 17-10 18-3 19-10 20-7 21-10 22-32 
0-45 1-45 2-28 3-1 4-2 5-9 6-6 7-8 8-9 9-4 10-9 11-11 12-9 13-9 14-16 15-24 16-6 17-12 18-9 19-19 20-9 21-6 22-12 23-1 24-9 25-6 26-6 27-9 28-6 29-15 30-9 31-25 32-6 33-17 34-9 35-6 36-29 37-23 38-24 39-6 40-4 41-9 42-32 43-33 44-14 45-6 46-6 47-4 48-9 49-4 50-4 51-21 52-6 53-4 54-4 55-24 56-6 57-30 58-4 59-45 
0-13 1-34 2-15 3-34 4-4 5-2 6-3 7-4 8-13 9-6 10-0 11-7 12-8 13-34 14-34 15-9 16-34 17-15 18-7 19-4 20-19 21-4 22-13 23-18 24-0 25-7 26-4 27-22 28-0 29-4 30-7 31-19 32-31 33-0 34-7 35-31 36-0 37-0 38-31 39-31 40-33 41-32 42-34 
0-0 1-4 2-1 3-2 4-6 5-5 6-6 7-2 8-0 9-4 10-6 11-5 12-1 13-2 14-6 15-16 
0-8 1-0 2-6 3-18 4-0 5-1 6-2 7-3 8-3 9-18 10-8 11-7 12-1 13-7 14-7 15-29 16-12 17-8 18-28 19-18 20-8 21-24 22-7 23-18 24-8 25-27 26-7 27-8 28-8 29-7 30-7 31-22 32-7 33-7 34-7 35-8 36-15 37-29 
0-0 1-1 2-2 3-7 4-3 5-3 6-11 7-3 8-3 9-6 10-5 11-3 12-3 13-2 14-3 15-3 16-2 17-3 18-8 19-15 20-10 21-3 22-2 23-15 24-3 25-14 26-15 27-16 28-17 29-18 
0-3 1-1 2-2 3-3 4-4 5-5 6-6 7-7 8-5 9-8 10-31 11-10 12-19 13-3 14-12 15-9 16-5 17-3 18-16 19-5 20-3 21-18 22-5 23-24 24-3 25-24 26-37 27-9 28-19 29-5 30-31 31-1 32-3 33-0 34-5 35-36 36-34 37-5 38-0 39-9 40-5 41-3 42-1 43-31 44-23 45-9 46-22 47-5 48-20 49-31 50-3 51-23 52-5 53-3 54-29 55-28 56-30 57-37 
0-6 1-4 2-5 3-6 4-6 5-6 6-6 7-1 8-2 9-6 10-3 11-6 
0-31 1-6 2-9 3-0 4-18 5-2 6-0 7-4 8-26 9-0 10-4 11-26 12-0 13-2 14-9 15-9 16-11 17-0 18-13 19-2 20-17 21-4 22-21 23-4 24-9 25-19 26-19 27-11 28-0 29-4 30-0 31-0 32-4 33-21 34-0 35-0 36-4 37-9 38-29 39-0 40-4 41-26 42-0 43-2 44-0 45-9 46-31 
0-37 1-1 2-4 3-7 4-2 5-37 6-8 7-4 8-8 9-7 10-6 11-6 12-11 13-37 14-4 15-6 16-4 17-5 18-13 19-7 20-4 21-14 22-4 23-5 24-6 25-7 26-5 27-6 28-19 29-21 30-7 31-6 32-7 33-5 34-11 35-6 36-5 37-33 38-7 39-5 40-11 41-7 42-5 43-29 44-37 45-5 46-13 47-6 48-37 
0-0 1-1 2-3 3-4 4-4 5-23 6-9 7-25 8-23 9-5 10-6 11-25 12-23 13-7 14-8 15-12 16-25 17-10 18-13 19-23 20-14 21-15 22-16 23-17 24-18 25-17 26-23 27-19 28-25 29-20 30-17 31-17 32-11 33-18 34-23 35-4 36-27 
0-4 1-4 2-5 3-10 4-2 5-7 6-7 7-5 8-5 9-9 10-7 11-5 12-0 13-1 14-10 
0-25 1-9 2-9 3-4 4-4 5-14 6-9 7-19 8-19 9-9 10-1 11-19 12-2 13-10 14-6 15-10 16-14 17-9 18-19 19-19 20-11 21-17 22-25 23-3 24-6 25-9 26-1 27-19 28-20 29-1 30-19 31-24 32-1 33-14 34-9 35-25 
0-0 1-1 2-13 3-3 4-4 5-5 6-6 7-5 8-9 9-7 10-8 11-9 12-5 13-9 14-6 15-0 16-5 17-6 18-9 19-6 20-19 
0-0 1-1 2-2 3-19 4-6 5-2 6-8 7-9 8-10 9-11 10-9 11-13 12-14 13-12 14-2 15-9 16-17 17-18 18-9 19-19 20-11 21-9 22-22 23-32 24-2 25-19 26-8 27-11 28-11 29-11 30-8 31-13 32-19 33-29 34-30 35-9 36-31 37-32 
0-23 1-0 2-5 3-10 4-7 5-3 6-4 7-5 8-6 9-7 10-5 11-8 12-7 13-12 14-11 15-12 16-13 17-14 18-5 19-17 20-7 21-5 22-14 23-23 24-1 25-7 26-10 27-5 28-22 29-7 30-21 31-7 32-3 33-12 34-38 35-5 36-38 37-10 38-29 39-23 40-7 41-5 42-10 43-7 44-34 45-5 46-35 47-7 48-9 49-38 
0-10 1-1 2-2 3-8 4-15 5-19 6-10 7-17 8-4 9-13 10-18 11-4 12-13 13-14 14-6 15-15 16-15 17-16 18-4 19-15 20-18 21-19 
0-14 1-14 2-3 3-21 4-5 5-3 6-5 7-1 8-29 9-5 10-1 11-3 12-12 13-1 14-29 15-19 16-0 17-5 18-1 19-8 20-23 21-14 22-3 23-1 24-16 25-17 26-19 27-19 28-5 29-1 30-20 31-21 32-5 33-1 34-22 35-23 36-5 37-1 38-24 39-1 40-1 41-26 42-5 43-1 44-28 45-29 
0-0 1-1 2-3 3-3 4-3 5-3 6-5 7-6 8-3 9-4 10-5 11-7 
0-10 1-6 2-5 3-10 4-10 5-1 6-10 7-7 8-7 9-8 10-9 11-10 
0-0 1-13 2-2 3-0 4-10 5-5 6-6 7-7 8-10 9-16 10-12 11-4 12-5 13-12 14-1 15-16 
0-24 1-1 2-14 3-17 4-2 5-5 6-4 7-17 8-2 9-5 10-2 11-5 12-4 13-17 14-2 15-3 16-4 17-17 18-2 19-3 20-4 21-17 22-2 23-9 24-4 25-17 26-2 27-9 28-12 29-17 30-2 31-4 32-14 33-2 34-16 35-9 36-4 37-3 38-4 39-9 40-17 41-2 42-12 43-24 
0-12 1-12 2-12 3-12 4-7 5-12 6-2 7-9 8-12 9-2 10-2 11-7 12-12 13-2 14-9 15-5 16-11 17-7 18-5 19-9 20-12 
0-0 1-2 2-2 3-8 4-3 5-10 6-15 7-2 8-6 9-2 10-8 11-9 12-10 13-14 14-1 15-12 16-11 17-15 
0-0 1-3 2-0 3-11 4-13 5-1 6-13 7-2 8-4 9-0 10-11 11-12 12-13 13-2 14-1 15-2 16-17 17-2 18-1 19-20 20-2 21-22 22-2 23-4 24-4 25-25 26-30 27-26 28-28 29-17 30-29 31-30 
0-0 1-8 2-1 3-12 4-2 5-15 6-3 7-4 8-8 9-13 10-8 11-1 12-13 13-10 14-11 15-12 16-10 17-13 18-15 
0-1 1-0 2-4 3-4 4-0 5-1 6-0 7-4 8-11 9-4 10-4 11-0 12-6 13-3 14-0 15-6 16-4 17-0 18-4 19-6 20-6 21-11 
0-8 1-0 2-2 3-3 4-2 5-7 6-8 7-8 8-10 9-8 10-8 11-9 12-5 13-15 14-2 15-18 16-2 17-18 18-8 19-14 20-12 21-18 22-14 23-21 24-2 25-18 26-8 27-21 28-10 29-21 
0-0 1-6 2-13 3-9 4-13 5-9 6-13 7-6 8-13 9-13 10-7 11-13 12-6 13-9 14-13 15-13 16-4 17-9 18-13 
0-0 1-2 2-1 3-3 4-4 5-6 6-7 7-7 8-0 9-10 10-9 11-11 
0-0 1-3 2-0 3-0 4-2 5-1 6-7 7-0 8-7 9-3 10-3 11-0 12-0 13-8 14-14 15-3 16-7 17-5 18-6 19-0 20-4 21-14 
0-0 1-11 2-2 3-8 4-2 5-8 6-3 7-4 8-2 9-6 10-8 11-8 12-2 13-8 14-8 15-3 16-11 
0-13 1-1 2-0 3-11 4-11 5-2 6-13 7-3 8-13 9-13 10-3 11-7 12-13 13-5 14-13 15-13 16-11 17-3 18-11 19-13 20-11 21-12 22-9 23-13 
0-7 1-17 2-3 3-4 4-6 5-5 6-7 7-17 8-9 9-4 10-12 11-15 12-4 13-11 14-7 15-7 16-15 17-17 18-0 19-13 20-7 21-15 22-17 23-16 24-21 25-27 26-3 27-4 28-27 29-23 30-7 31-15 32-17 33-27 
0-0 1-9 2-3 3-7 4-6 5-3 6-6 7-9 8-6 9-6 10-11 11-14 12-12 13-17 14-15 15-16 16-17 
0-0 1-0 2-27 3-4 4-0 5-16 6-7 7-12 8-0 9-11 10-1 11-0 12-3 13-1 14-0 15-12 16-0 17-0 18-16 19-0 20-1 21-18 22-19 23-20 24-21 25-1 26-16 27-3 28-1 29-12 30-0 31-0 32-16 33-26 34-27 35-3 36-1 37-0 38-33 39-1 40-0 41-3 42-1 43-0 44-36 
0-27 1-3 2-1 3-2 4-3 5-4 6-14 7-6 8-8 9-24 10-12 11-27 12-0 13-2 14-12 15-12 16-3 17-11 18-24 19-27 20-10 21-3 22-10 23-12 24-0 25-2 26-0 27-20 28-3 29-10 30-12 31-3 32-0 33-24 34-3 35-26 36-27 
0-0 1-1 2-12 3-3 4-4 5-6 6-5 7-7 8-1 9-9 10-10 11-11 12-7 13-12 14-31 15-14 16-16 17-15 18-7 19-31 20-22 21-12 22-31 23-15 24-7 25-31 26-14 27-24 28-31 29-12 30-7 31-31 32-12 33-22 34-31 35-14 36-23 37-11 38-31 39-14 40-12 41-31 
0-0 1-2 2-1 3-3 4-4 5-15 6-7 7-9 8-10 9-11 10-15 11-23 12-7 13-20 14-13 15-14 16-20 17-7 18-9 19-0 20-22 21-21 22-23 
0-1 1-0 2-1 3-1 4-3 5-7 6-6 7-8 8-18 9-18 10-9 11-6 12-9 13-10 14-18 15-10 16-18 17-1 18-12 19-18 20-10 21-18 22-9 23-18 24-9 25-9 26-9 27-17 28-18 
0-0 1-1 2-2 3-0 4-0 5-23 6-0 7-5 8-22 9-0 10-9 11-7 12-0 13-11 14-19 15-7 16-5 17-13 18-7 19-0 20-11 21-15 22-19 23-20 24-19 25-21 26-5 27-19 28-26 29-7 30-27 31-26 32-23 33-24 34-0 35-0 36-29 37-7 38-30 39-2 40-22 41-0 42-33 43-34 
0-35 1-35 2-23 3-3 4-10 5-3 6-4 7-27 8-22 9-28 10-30 11-2 12-4 13-34 14-29 15-28 16-2 17-16 18-4 19-10 20-10 21-16 22-4 23-11 24-28 25-4 26-4 27-28 28-4 29-5 30-28 31-25 32-4 33-8 34-2 35-4 36-33 37-23 38-10 39-17 40-16 41-4 42-21 43-20 44-35 
0-0 1-8 2-1 3-2 4-2 5-7 6-3 7-29 8-2 9-2 10-15 11-9 12-12 13-2 14-4 15-2 16-22 17-8 18-2 19-16 20-2 21-2 22-27 23-2 24-2 25-9 26-18 27-2 28-21 29-2 30-2 31-21 32-2 33-2 34-20 35-25 36-8 37-15 38-27 39-31 40-29 41-15 42-32 43-33 
0-0 1-1 2-2 3-0 4-8 5-2 6-8 7-0 8-5 9-6 10-8 11-10 12-10 13-2 14-4 15-0 16-1 17-2 18-15 19-5 20-16 21-18 
0-0 1-0 2-12 3-10 4-3 5-8 6-10 7-8 8-3 9-10 10-3 11-3 12-14 13-5 14-3 15-3 16-17 17-13 18-8 19-12 20-3 21-10 22-18 
0-53 1-1 2-3 3-5 4-15 5-2 6-3 7-4 8-5 9-4 10-3 11-6 12-6 13-9 14-5 15-10 16-11 17-0 18-22 19-37 20-5 21-24 22-27 23-0 24-3 25-5 26-32 27-31 28-11 29-3 30-5 31-34 32-10 33-9 34-41 35-11 36-9 37-35 38-23 39-5 40-45 41-46 42-5 43-47 44-11 45-5 46-49 47-9 48-51 49-5 50-52 51-53 
0-40 1-4 2-1 3-0 4-5 5-4 6-0 7-7 8-7 9-8 10-0 11-2 12-12 13-0 14-13 15-12 16-2 17-12 18-0 19-2 20-30 21-7 22-16 23-0 24-13 25-0 26-2 27-0 28-0 29-9 30-0 31-16 32-2 33-16 34-8 35-24 36-25 37-24 38-4 39-0 40-2 41-29 42-0 43-12 44-4 45-0 46-9 47-12 48-0 49-0 50-34 51-27 52-8 53-4 54-3 55-30 56-0 57-7 58-7 59-40 
0-4 1-4 2-4 3-2 4-2 5-4 6-2 7-4 8-5 9-6 10-12 
0-2 1-3 2-4 3-5 4-6 5-7 
0-17 1-0 2-12 3-1 4-11 5-2 6-2 7-2 8-4 9-2 10-23 11-13 12-10 13-9 14-13 15-17 16-13 17-16 18-15 19-13 20-13 21-18 22-17 23-25 24-0 25-23 26-25 
0-1 1-3 2-1 3-16 4-11 5-16 6-3 7-4 8-21 9-6 10-6 11-7 12-1 13-16 14-24 15-15 16-11 17-21 18-1 19-1 20-4 21-15 22-16 23-17 24-7 25-1 26-15 27-21 28-22 29-23 30-24 
0-2 1-1 2-2 3-7 4-4 5-0 6-6 7-22 8-7 9-19 10-10 11-11 12-12 13-6 14-7 15-22 16-18 17-7 18-16 19-4 20-19 21-4 22-4 23-13 24-21 25-22 
0-3 1-4 2-1 3-13 4-3 5-4 6-5 7-3 8-7 9-16 10-11 11-10 12-11 13-4 14-5 15-14 16-5 17-3 18-10 19-4 20-17 
0-0 1-2 2-1 3-0 4-3 5-4 6-5 7-24 8-6 9-5 10-6 11-6 12-13 13-9 14-21 15-6 16-4 17-5 18-6 19-7 20-4 21-21 22-4 23-6 24-15 25-16 26-24 
0-0 1-1 2-2 3-14 4-4 5-8 6-6 7-8 8-0 9-2 10-3 11-8 12-9 13-10 14-11 15-3 16-8 17-13 18-14 19-8 20-15 21-16 
0-0 1-0 2-2 3-6 4-2 5-3 6-4 7-5 8-6 9-7 10-8 11-2 12-9 13-17 14-2 15-1 16-2 17-2 18-2 19-2 20-12 21-4 22-16 23-14 24-17 25-9 26-17 
0-0 1-2 2-18 3-3 4-18 5-6 6-9 7-24 8-6 9-8 10-24 11-10 12-3 13-12 14-6 15-5 16-3 17-5 18-6 19-1 20-14 21-3 22-12 23-1 24-18 25-19 26-20 27-6 28-22 29-22 30-24 31-6 32-25 33-26 
0-10 1-0 2-2 3-3 4-15 5-5 6-8 7-19 8-10 9-8 10-12 11-49 12-15 13-3 14-21 15-49 16-15 17-3 18-17 19-0 20-3 21-23 22-12 23-25 24-26 25-25 26-26 27-15 28-3 29-25 30-15 31-3 32-23 33-12 34-25 35-26 36-25 37-15 38-3 39-25 40-15 41-3 42-25 43-50 44-12 45-45 46-45 47-26 48-25 49-50 50-49 51-15 52-3 53-23 54-10 
0-1 1-1 2-0 3-1 4-4 5-4 6-5 
0-0 1-1 2-31 3-14 4-6 5-8 6-31 7-14 8-31 9-31 10-1 11-12 12-13 13-14 14-12 15-15 16-14 17-12 18-17 19-31 20-19 21-20 22-1 23-31 24-31 25-32 26-32 27-14 28-31 29-27 30-23 31-23 32-25 33-12 34-31 35-33 36-12 37-31 38-40 39-31 40-25 41-12 42-1 43-1 44-14 45-12 46-20 47-47 
0-2 1-2 2-0 3-3 
0-0 1-3 
0-0 1-7 2-1 3-1 4-3 5-4 6-5 7-6 8-7 9-3 10-9 
0-0 1-11 2-1 3-2 4-3 5-25 6-5 7-5 8-3 9-28 10-5 11-9 12-10 13-11 14-12 15-12 16-2 17-0 18-18 19-18 20-2 21-21 22-11 23-23 24-11 25-5 26-29 27-11 28-29 29-11 30-11 31-5 32-32 33-11 34-2 35-2 36-33 
0-0 1-15 2-2 3-7 4-8 5-17 6-9 7-7 8-6 9-5 10-4 11-11 12-14 13-4 14-17 15-18 16-19 
0-0 1-0 2-22 3-2 4-3 5-4 6-0 7-14 8-5 9-6 10-2 11-10 12-4 13-5 14-13 15-14 16-15 17-15 18-7 19-22 20-7 21-17 22-21 23-19 24-8 25-10 26-7 27-21 28-22 29-14 30-10 31-21 32-14 33-27 34-28 
0-0 1-1 2-2 3-5 4-6 5-7 6-8 7-20 8-12 9-28 10-13 11-6 12-12 13-6 14-12 15-4 16-9 17-14 18-6 19-6 20-4 21-6 22-19 23-20 24-21 25-4 26-6 27-24 28-6 29-6 30-27 31-28 
0-6 1-16 2-2 3-3 4-4 5-7 6-8 7-9 8-10 9-6 10-0 11-2 12-16 
0-5 1-2 2-15 3-33 4-6 5-51 6-9 7-15 8-2 9-10 10-11 11-11 12-2 13-13 14-14 15-15 16-24 17-36 18-41 19-6 20-5 21-18 22-2 23-51 24-34 25-32 26-15 27-34 28-35 29-17 30-10 31-5 32-2 33-17 34-15 35-34 36-2 37-10 38-15 39-34 40-2 41-15 42-27 43-48 44-17 45-34 46-50 47-17 48-10 49-51 50-17 51-34 52-34 53-13 54-15 55-2 56-51 
0-0 1-5 2-2 3-3 4-4 5-5 6-6 7-7 
0-0 1-1 2-28 3-4 4-3 5-8 6-9 7-13 8-11 9-3 10-23 11-31 12-10 13-23 14-3 15-21 16-3 17-22 18-13 19-14 20-16 21-31 22-3 23-17 24-23 25-3 26-13 27-30 28-31 29-13 30-32 31-33 
0-0 1-1 2-12 3-10 4-5 5-6 6-8 7-10 8-8 9-5 10-5 11-11 12-9 13-10 14-12 
0-16 1-1 2-7 3-7 4-7 5-1 6-2 7-1 8-4 9-7 10-10 11-1 12-2 13-7 14-2 15-10 16-11 17-7 18-7 19-8 20-13 21-14 22-1 23-7 24-17 25-18 26-19 
0-14 1-3 2-10 3-3 4-0 5-3 6-14 7-5 8-6 9-4 10-14 11-4 12-10 13-9 14-0 15-4 16-14 17-14 18-14 
0-21 1-1 2-6 3-3 4-13 5-4 6-5 7-3 8-6 9-8 10-11 11-6 12-13 13-14 14-0 15-13 16-5 17-3 18-13 19-5 20-21 
0-16 1-3 2-3 3-0 4-1 5-3 6-5 7-0 8-2 9-4 10-10 11-4 12-3 13-14 14-0 15-32 16-16 17-0 18-32 19-18 20-20 21-16 22-19 23-0 24-0 25-22 26-3 27-3 28-4 29-25 30-0 31-0 32-21 33-16 34-28 35-30 36-32 
0-24 1-8 2-14 3-24 4-2 5-3 6-14 7-12 8-24 9-24 10-24 11-1 12-14 13-24 14-7 15-8 16-9 17-10 18-11 19-12 20-13 21-14 22-10 23-1 24-12 25-19 26-14 27-21 28-12 29-1 30-24 
0-1 1-18 2-15 3-18 4-20 5-19 6-15 7-6 8-7 9-28 10-15 11-9 12-18 13-14 14-13 15-13 16-15 17-28 18-28 19-28 20-4 21-10 22-4 23-18 24-4 25-4 26-15 27-1 28-7 29-28 30-4 31-18 32-4 33-1 34-18 35-27 36-28 
0-0 1-0 2-1 3-2 4-3 5-4 6-5 7-19 8-6 9-1 10-17 11-9 12-21 13-17 14-5 15-5 16-17 17-22 18-21 19-12 20-5 21-17 22-34 23-21 24-5 25-17 26-21 27-1 28-27 29-17 30-29 31-21 32-32 33-14 34-17 35-32 36-34 
0-1 1-2 2-11 3-3 4-13 5-10 6-11 7-12 8-7 9-5 10-11 11-9 12-13 
0-1 1-4 2-5 3-1 4-7 5-8 6-8 7-10 8-1 9-13 10-12 11-14 12-19 13-1 14-17 15-3 16-16 17-10 18-1 19-19 20-3 21-1 22-20 23-21 
0-0 1-5 2-14 3-23 4-1 5-14 6-23 7-5 8-7 9-4 10-5 11-7 12-6 13-8 14-2 15-5 16-4 17-23 18-5 19-11 20-10 21-4 22-31 23-4 24-0 25-31 26-2 27-4 28-23 29-7 30-5 31-5 32-22 33-23 34-5 35-2 36-2 37-2 38-0 39-0 40-19 41-5 42-30 43-2 44-31 
0-3 1-7 2-8 3-3 4-6 5-3 6-0 7-1 8-2 9-3 10-4 11-9 12-0 13-3 14-3 15-8 16-3 17-6 18-14 
0-0 1-6 2-2 3-3 4-3 5-7 6-8 7-10 8-12 9-7 10-9 11-10 12-7 13-11 14-7 15-14 16-16 17-15 18-16 
0-0 1-1 2-2 3-17 4-2 5-9 6-6 7-7 8-8 9-9 10-7 11-11 12-17 13-9 14-12 15-2 16-21 17-7 18-3 19-17 20-3 21-17 22-20 23-17 24-3 25-3 26-21 
0-7 1-1 2-1 3-11 4-11 5-7 6-5 7-1 8-6 9-7 10-8 11-11 12-7 13-9 14-7 15-11 16-11 17-14 18-11 19-16 20-20 21-1 22-11 23-19 24-11 25-1 26-22 27-23 
0-0 1-6 2-2 3-4 4-12 5-5 6-0 7-0 8-12 9-4 10-6 11-0 12-0 13-11 14-3 15-9 16-10 17-5 18-12 19-13 20-6 21-0 22-0 23-16 24-0 25-0 26-15 27-0 28-14 29-17 
0-0 1-1 2-2 3-3 4-6 5-5 6-6 
0-26 1-5 2-23 3-11 4-0 5-1 6-2 7-3 8-11 9-11 10-4 11-9 12-9 13-11 14-7 15-8 16-13 17-5 18-11 19-2 20-11 21-12 22-13 23-11 24-2 25-9 26-9 27-2 28-2 29-19 30-2 31-26 
0-6 1-15 2-2 3-4 4-2 5-6 6-6 7-5 8-6 9-5 10-6 11-8 12-6 13-6 14-7 15-0 16-6 17-14 18-13 19-12 20-15 
0-0 1-10 2-10 3-0 4-4 5-0 6-0 7-1 8-11 9-6 10-0 11-9 12-10 13-0 14-7 15-0 16-0 17-11 18-0 19-0 20-13 21-12 22-7 23-0 24-16 25-15 26-17 
0-10 1-3 2-4 3-5 4-1 5-6 6-1 7-20 8-13 9-8 10-1 11-9 12-12 13-3 14-1 15-8 16-16 17-1 18-19 19-19 20-20 
0-16 1-2 2-2 3-0 4-5 5-7 6-10 7-2 8-5 9-9 10-4 11-5 12-20 13-0 14-24 15-5 16-0 17-16 18-0 19-5 20-14 21-15 22-16 23-17 24-4 25-5 26-23 27-24 
0-0 1-1 2-7 3-3 4-4 5-5 6-6 7-9 8-5 9-0 10-0 11-9 12-20 13-18 14-9 15-10 16-11 17-5 18-13 19-14 20-5 21-15 22-20 
0-0 1-2 2-3 3-4 4-5 5-11 6-15 7-6 8-1 9-2 10-3 11-4 12-1 13-11 14-13 15-15 
0-0 1-2 2-1 3-3 4-10 5-7 6-0 7-6 8-7 9-0 10-0 11-6 12-9 13-0 14-11 15-10 16-12 
0-0 1-23 2-2 3-3 4-7 5-11 6-6 7-8 8-11 9-0 10-23 11-11 12-0 13-2 14-23 15-23 16-7 17-13 18-23 19-7 20-8 21-17 22-27 23-30 24-30 25-8 26-21 27-11 28-23 29-7 30-7 31-23 32-23 33-7 34-30 
0-7 1-3 2-0 3-4 4-0 5-0 6-4 7-3 8-10 9-14 10-20 11-4 12-20 13-7 14-4 15-10 16-11 17-12 18-10 19-0 20-17 21-19 22-4 23-20 
0-4 1-4 2-4 3-6 4-12 5-0 6-1 7-2 8-10 9-13 10-10 11-1 12-12 13-12 14-13 
0-0 1-0 2-0 3-7 4-5 5-22 6-4 7-5 8-1 9-7 10-8 11-22 12-7 13-5 14-22 15-3 16-10 17-5 18-22 19-5 20-5 21-0 22-1 23-15 24-21 25-22 26-23 27-5 28-7 29-22 30-17 31-5 32-22 33-1 34-5 35-22 36-7 37-19 38-24 
0-0 1-1 2-2 3-2 4-3 5-9 6-16 7-4 8-5 9-6 10-7 11-19 12-16 13-6 14-9 15-16 16-16 17-4 18-1 19-9 20-1 21-4 22-9 23-16 24-4 25-16 26-9 27-9 28-4 29-9 30-16 31-17 32-19 
0-0 1-1 2-2 3-3 4-4 5-5 6-7 7-2 8-9 9-10 10-1 11-0 12-0 13-18 14-1 15-19 
0-24 1-1 2-2 3-3 4-17 5-5 6-4 7-13 8-21 9-6 10-5 11-17 12-5 13-10 14-11 15-12 16-13 17-24 18-15 19-17 20-15 21-16 22-17 23-18 24-19 25-5 26-21 27-17 28-18 29-19 30-5 31-24 
0-0 1-1 2-2 3-6 4-3 5-5 6-6 7-7 8-8 9-9 10-3 11-3 12-6 13-12 14-13 
0-43 1-1 2-5 3-34 4-4 5-5 6-3 7-18 8-8 9-9 10-25 11-10 12-11 13-12 14-14 15-11 16-16 17-9 18-11 19-26 20-11 21-21 22-11 23-25 24-25 25-29 26-18 27-11 28-7 29-11 30-11 31-32 32-11 33-26 34-26 35-11 36-11 37-7 38-11 39-39 40-40 41-41 42-41 43-43 
0-0 1-6 2-1 3-2 4-3 5-5 6-5 7-6 8-4 9-8 10-9 11-6 12-3 13-11 
0-0 1-2 2-1 3-2 4-3 5-4 6-8 7-7 8-6 9-10 10-12 11-2 12-23 13-6 14-3 15-19 16-6 17-2 18-18 19-4 20-14 21-18 22-6 23-19 24-22 25-23 
0-0 1-1 2-2 3-5 4-6 5-7 6-6 7-9 8-10 9-11 10-11 11-13 12-6 13-15 14-4 15-17 16-19 17-8 18-20 
0-0 1-3 2-4 3-2 4-11 5-4 6-3 7-4 8-5 9-11 
0-0 1-2 2-1 3-5 4-6 
0-0 1-1 2-2 3-0 4-4 5-5 6-6 
0-0 1-1 2-6 3-2 4-8 5-5 6-3 7-6 8-7 9-6 10-9 11-6 12-0 
0-0 1-0 2-0 
0-0 1-2 2-1 3-1 4-2 
0-0 1-1 2-2 3-3 4-4 5-5 6-6 7-7 8-6 9-6 10-10 11-5 12-6 13-12 14-13 15-14 16-15 17-3 18-17 
0-0 1-11 2-1 3-2 4-5 5-7 6-11 7-2 8-2 9-11 10-8 11-8 12-11 13-11 14-3 15-11 16-11 17-11 18-7 19-14 
0-0 1-3 2-9 3-2 4-5 5-4 6-7 7-3 8-9 9-10 10-14 11-18 12-14 13-9 14-13 15-48 16-0 17-9 18-14 19-18 20-19 21-9 22-21 23-14 24-0 25-14 26-24 27-9 28-26 29-1 30-9 31-29 32-24 33-31 34-13 35-9 36-34 37-18 38-9 39-37 40-38 41-0 42-13 43-48 44-42 45-40 46-9 47-9 48-13 49-9 50-47 51-18 52-46 53-9 54-48 
0-0 1-3 2-1 3-3 4-2 5-0 
0-0 1-1 2-2 3-3 4-4 5-5 6-6 7-7 8-6 9-6 10-10 11-5 12-6 13-10 14-13 15-14 16-15 17-3 18-17 19-18 
0-0 1-1 2-2 3-6 4-5 5-4 6-6 
0-0 1-3 2-1 3-3 4-2 5-0 
0-0 1-1 2-2 
0-0 1-1 2-17 3-4 4-10 5-8 6-6 7-0 8-5 9-0 10-9 11-10 12-0 13-12 14-13 15-14 16-15 17-14 18-0 19-0 20-11 21-17 
0-0 1-1 2-1 3-1 4-3 5-1 6-5 7-4 8-5 9-1 10-0 
0-0 1-0 2-2 3-0 4-4 
0-0 1-0 2-0 
0-1 1-0 2-3 3-2 4-5 
0-0 1-0 2-0 
0-0 1-0 2-0 3-0 4-0 5-0 6-0 
0-0 1-0 2-1 3-1 
0-0 1-0 2-0 3-0 4-0 
0-0 1-0 2-1 3-1 
0-0 1-0 2-0 3-0 
0-0 1-1 2-1 
0-0 1-1 2-0 
0-0 1-1 2-1 
0-0 1-0 2-1 3-1 
0-0 1-1 2-1 3-1 
0-0 1-1 2-1 
0-0 1-0 
0-0 1-0 2-1 3-1 
0-0 1-0 
0-0 1-0 2-1 3-1 
0-0 1-0 
0-0 1-0 2-1 3-1 
0-0 1-0 2-2 3-2 
0-0 1-1 2-1 
0-1 1-0 2-0 
0-0 1-3 2-1 3-3 4-3 5-1 
0-0 1-1 2-1 
0-0 1-1 2-1 
0-0 1-0 2-0 
0-0 1-0 2-1 3-2 
0-1 1-1 2-1 3-1 4-1 5-1 
0-0 1-0 2-1 3-1 
0-0 1-1 2-1 3-1 4-1 5-1 
0-0 1-1 2-1 
0-0 1-0 
0-0 1-1 2-1 
0-0 1-1 
0-0 1-0 
0-0 1-1 2-1 
0-0 1-0 2-1 3-2 
0-4 1-1 2-2 3-1 
0-0 1-0 2-1 3-2 
0-4 1-1 2-2 3-1 
0-0 1-0 2-1 3-2 
0-4 1-1 2-2 3-1 
0-0 1-0 
0-0 1-0 2-1 3-1 
0-0 1-1 2-2 
0-0 1-0 2-1 3-1 
0-0 1-1 2-2 
0-0 1-0 2-1 3-1 
0-4 1-1 2-2 3-1 
0-0 1-0 2-1 3-1 
0-4 1-1 2-2 3-1 
0-0 1-0 2-1 3-1 
0-4 1-1 2-2 3-1 
0-0 1-0 2-1 3-1 
0-4 1-1 2-2 3-1 
0-0 1-0 
0-0 1-1 2-1 
0-4 1-1 2-2 3-1 
0-0 1-1 2-1 
0-4 1-1 2-2 3-1 
0-0 1-1 2-2 3-3 4-2 
0-4 1-1 2-2 3-1 
0-0 1-1 2-2 3-3 4-2 
0-4 1-1 2-2 3-1 
0-0 1-1 2-1 3-1 
0-0 1-0 2-0 
0-4 1-1 2-2 3-1 
0-0 1-0 2-0 
0-4 1-1 2-2 3-1 
0-0 1-0 2-1 3-2 
0-0 1-1 2-1 
0-0 1-0 2-1 3-2 
0-0 1-1 2-2 3-3 4-2 
0-0 1-1 2-0 
0-0 1-0 2-1 3-1 
0-4 1-1 2-2 3-1 
0-0 1-0 2-1 3-1 
0-4 1-1 2-2 3-1 
0-0 1-0 2-2 3-2 
0-0 1-0 2-1 3-1 
0-0 1-1 2-2 
0-0 1-0 2-1 3-1 
0-0 1-1 2-2 
0-0 1-1 2-1 3-1 
0-0 1-0 2-1 3-1 
0-0 1-1 2-1 
0-0 1-0 2-1 3-1 
0-0 1-1 2-1 
0-0 1-1 2-1 3-0 
0-0 1-0 2-1 3-2 
0-0 1-1 2-2 3-3 4-2 
0-0 1-0 2-1 3-2 
0-0 1-1 2-2 3-3 4-2 
0-0 1-0 
0-0 1-0 2-1 3-1 
0-0 1-0 2-1 3-1 
0-0 1-0 
0-0 1-0 2-1 3-2 
0-0 1-1 2-1 
0-0 1-0 2-1 3-2 
0-0 1-1 2-1 
0-0 1-0 
0-0 1-1 
0-0 1-1 
0-3 1-0 2-0 3-3 4-0 5-3 6-0 
0-0 1-1 
0-0 
0-1 1-3 2-1 3-1 4-0 5-1 6-1 7-1 8-1 9-1 10-2 
0-0 1-0 2-1 3-2 
0-0 1-0 2-1 3-0 
0-0 1-0 2-1 3-2 
0-0 1-0 2-0 
0-0 1-0 2-1 3-2 
0-1 1-2 
0-0 1-0 2-1 3-1 
0-0 1-1 2-1 
0-0 1-0 2-1 3-1 
0-0 1-0 2-0 
0-0 1-0 2-1 3-1 
0-0 1-1 
0-0 1-0 2-2 3-2 
0-0 1-1 2-1 3-2 4-3 5-1 6-4 
0-0 1-0 2-1 3-2 
0-4 1-1 2-2 3-1 
0-0 1-0 2-1 3-1 
0-2 1-2 2-0 
0-0 1-1 2-1 
0-0 1-1 2-2 3-3 4-2 
0-0 1-1 2-1 3-0 
0-0 1-0 2-2 3-0 4-4 
0-0 1-1 2-0 
0-1 1-0 2-3 3-2 4-5 
0-0 1-0 2-0 3-2 4-0 5-5 6-3 7-0 
0-0 
0-0 1-1 2-2 
0-0 1-19 2-22 3-19 4-7 5-19 6-5 7-12 8-6 9-7 10-7 11-11 12-19 13-19 14-7 15-19 16-19 17-21 18-19 19-7 20-12 21-13 22-25 
0-0 1-0 2-2 3-2 4-0 5-5 
0-2 1-2 2-0 3-2 4-1 5-2 6-1 7-1 8-2 9-2 10-1 
0-0 1-0 2-0 
0-0 1-0 2-0 3-0 4-0 5-0 6-0 
0-0 1-7 2-1 3-1 4-3 5-4 6-5 7-6 8-7 9-3 10-9 
0-0 1-18 2-1 3-2 4-3 5-7 6-8 7-18 8-9 9-6 10-20 11-6 12-14 13-15 14-16 15-6 16-18 17-20 18-10 19-18 20-20 21-10 22-20 23-6 24-20 25-20 26-2 27-6 28-18 29-20 30-19 31-10 32-18 33-20 34-31 
0-0 1-1 2-3 3-4 4-5 5-6 6-4 7-11 8-7 9-4 10-7 11-11 12-7 13-7 14-4 15-19 16-2 17-4 18-19 19-11 20-17 21-7 22-19 23-29 24-7 25-23 26-21 27-4 28-29 29-4 30-27 31-7 32-29 
0-0 1-2 2-9 3-3 4-0 5-3 6-9 7-9 8-9 9-3 10-3 11-20 12-0 13-9 14-3 15-0 16-9 17-3 18-9 19-3 20-0 21-2 22-3 23-0 24-10 25-12 26-3 27-0 28-14 29-13 30-3 31-0 32-11 33-3 34-17 35-11 36-9 37-20 
0-16 1-1 2-7 3-16 4-13 5-5 6-16 7-9 8-7 9-5 10-5 11-3 12-4 13-5 14-4 15-5 16-16 17-13 18-7 19-5 20-14 21-9 22-10 23-12 24-14 25-3 26-16 27-14 28-14 29-16 
0-0 1-1 2-7 3-2 4-5 5-3 6-4 7-5 8-6 9-4 10-30 11-14 12-7 13-9 14-10 15-11 16-7 17-5 18-14 19-4 20-14 21-4 22-4 23-4 24-7 25-28 26-12 27-4 28-7 29-10 30-5 31-23 32-4 33-5 34-14 35-14 36-25 37-7 38-5 39-29 40-30 
0-2 1-2 2-0 3-2 4-3 5-4 6-6 7-2 8-4 9-12 10-0 11-8 12-2 13-0 14-14 15-14 16-15 17-17 
0-0 1-4 2-3 3-5 4-3 5-6 6-3 7-4 8-8 9-9 10-10 
0-0 1-0 2-0 
0-0 1-0 2-0 3-0 4-0 
0-0 1-8 2-1 3-1 4-3 5-4 6-5 7-4 8-4 9-8 10-4 11-3 12-11 
0-0 1-9 2-1 3-2 4-3 5-3 6-9 7-11 8-9 9-6 10-9 11-3 12-6 13-9 14-13 15-14 16-6 17-9 18-10 19-15 
0-10 1-10 2-11 3-4 4-9 5-8 6-0 7-4 8-2 9-1 10-18 11-4 12-6 13-5 14-11 15-12 16-8 17-15 18-18 19-15 20-11 21-11 22-4 23-8 24-18 
0-0 1-1 2-23 3-2 4-1 5-16 6-1 7-6 8-23 9-1 10-26 11-8 12-6 13-1 14-16 15-1 16-23 17-20 18-16 19-24 20-1 21-23 22-6 23-16 24-1 25-2 26-0 27-1 28-20 29-6 30-16 31-1 32-2 33-1 34-16 35-23 36-1 37-26 
0-0 1-1 2-9 3-9 4-7 5-6 6-9 7-2 8-2 9-2 10-9 11-11 12-9 13-9 14-10 15-9 16-0 17-2 18-2 19-7 20-9 21-9 22-15 23-14 24-16 
0-8 1-9 2-5 3-19 4-19 5-9 6-8 7-4 8-3 9-3 10-6 11-5 12-9 13-8 14-9 15-8 16-9 17-8 18-8 19-19 20-5 21-8 22-9 23-9 24-19 
0-0 1-1 2-9 3-2 4-4 5-2 6-2 7-3 8-21 9-9 10-6 11-7 12-2 13-8 14-9 15-11 16-10 17-21 18-1 19-2 20-14 21-9 22-16 23-5 24-18 25-13 26-20 27-21 
0-0 1-2 2-10 3-2 4-5 5-6 6-6 7-7 8-14 9-14 10-2 11-12 12-2 13-12 14-13 15-14 
0-2 1-4 2-0 3-1 4-2 5-3 6-5 7-6 8-2 9-3 10-6 11-6 12-9 13-9 
0-0 1-17 2-2 3-10 4-17 5-5 6-17 7-6 8-7 9-10 10-9 11-10 12-17 13-12 14-10 15-14 16-17 17-17 18-16 19-17 
0-0 1-0 2-0 
0-0 1-0 2-0 3-0 
0-0 1-1 2-1 3-3 4-4 5-5 6-6 7-7 8-8 9-9 10-3 11-11 
0-0 1-8 2-1 3-2 4-3 5-4 6-8 7-3 8-5 9-5 10-6 11-6 12-8 13-9 14-0 15-11 16-8 17-9 18-11 19-16 20-15 21-19 22-11 23-13 24-2 25-8 26-14 27-19 
0-17 1-2 2-0 3-3 4-3 5-5 6-3 7-4 8-19 9-6 10-3 11-8 12-8 13-1 14-3 15-3 16-12 17-1 18-3 19-14 20-13 21-19 22-3 23-3 24-18 25-19 
0-4 1-8 2-7 3-4 4-7 5-8 6-19 7-6 8-5 9-7 10-8 11-4 12-7 13-2 14-7 15-2 16-4 17-0 18-33 19-7 20-12 21-14 22-7 23-4 24-21 25-7 26-20 27-8 28-18 29-4 30-7 31-0 32-31 33-7 34-33 
0-0 1-1 2-32 3-10 4-7 5-0 6-0 7-1 8-4 9-5 10-27 11-7 12-10 13-8 14-7 15-10 16-7 17-7 18-13 19-7 20-7 21-10 22-13 23-7 24-4 25-0 26-7 27-0 28-32 29-7 30-10 31-0 32-7 33-27 34-4 35-30 36-7 37-10 38-4 39-0 40-26 41-32 42-10 43-7 44-4 45-32 46-27 47-32 
0-0 1-2 2-13 3-1 4-3 5-9 6-5 7-0 8-9 9-6 10-7 11-13 12-10 13-19 14-9 15-13 16-19 17-12 18-13 19-9 20-18 21-19 
0-18 1-5 2-18 3-0 4-2 5-2 6-6 7-18 8-2 9-10 10-10 11-12 12-14 13-15 14-16 15-18 16-29 17-12 18-2 19-18 20-2 21-2 22-2 23-18 24-2 25-23 26-3 27-18 28-10 29-24 30-15 31-18 32-2 33-29 
0-0 1-1 2-2 3-0 4-2 5-1 6-4 7-0 8-7 9-4 10-6 11-8 12-4 13-1 14-4 15-1 16-11 17-14 18-13 19-14 
0-2 1-10 2-3 3-25 4-9 5-9 6-10 7-7 8-10 9-0 10-10 11-12 12-10 13-11 14-10 15-9 16-10 17-10 18-9 19-15 20-21 21-10 22-25 23-24 24-22 25-10 26-25 27-25 
0-0 1-0 2-0 
0-0 1-1 2-0 
0-5 1-1 2-1 3-3 4-4 5-5 6-6 7-5 8-4 9-5 10-6 11-11 12-12 13-3 14-14 
0-0 1-6 2-1 3-2 4-3 5-4 6-2 7-6 8-18 9-15 10-8 11-6 12-17 13-8 14-6 15-17 16-4 17-19 18-6 19-7 20-8 21-6 22-10 23-9 24-8 25-4 26-2 27-19 28-6 29-3 30-8 31-6 32-26 33-27 34-25 35-2 36-28 37-21 38-13 39-21 40-8 41-22 42-28 
0-17 1-8 2-2 3-3 4-4 5-5 6-6 7-8 8-1 9-5 10-8 11-15 12-8 13-1 14-16 15-17 
0-0 1-0 2-1 3-28 4-11 5-1 6-11 7-1 8-8 9-2 10-3 11-28 12-4 13-1 14-23 15-2 16-11 17-2 18-2 19-2 20-2 21-11 22-15 23-28 24-18 25-11 26-2 27-21 28-23 29-11 30-27 31-14 32-25 33-28 
0-0 1-1 2-2 3-2 4-3 5-4 6-5 7-6 8-4 9-8 10-7 11-10 12-9 13-12 14-17 15-14 16-1 17-6 18-4 19-16 20-14 21-4 22-0 23-6 24-4 25-14 26-12 27-17 
0-1 1-11 2-32 3-2 4-11 5-32 6-4 7-6 8-11 9-32 10-32 11-2 12-11 13-11 14-15 15-11 16-11 17-2 18-11 19-11 20-13 21-11 22-11 23-2 24-11 25-11 26-2 27-11 28-18 29-18 30-20 31-11 32-2 33-10 34-2 35-11 36-11 37-24 38-11 39-11 40-27 41-2 42-28 43-2 44-2 45-28 46-32 
0-7 1-11 2-0 3-2 4-3 5-20 6-4 7-13 8-0 9-5 10-7 11-10 12-7 13-7 14-7 15-9 16-7 17-16 18-4 19-13 20-0 21-13 22-15 23-13 24-15 25-20 26-13 27-0 28-7 29-18 30-7 31-20 32-15 33-22 34-23 35-24 36-23 37-16 38-13 
0-0 1-0 2-0 
0-0 1-8 2-1 3-1 4-3 5-4 6-6 7-6 8-6 9-7 10-8 11-3 12-10 
0-0 1-13 2-1 3-2 4-3 5-25 6-12 7-7 8-8 9-11 10-18 11-12 12-10 13-12 14-13 15-14 16-16 17-18 18-19 19-12 20-26 21-18 22-13 23-25 24-24 25-12 26-30 27-29 28-28 29-6 30-13 31-28 32-12 33-28 34-2 35-19 36-18 37-37 38-36 39-33 40-38 
0-24 1-34 2-34 3-19 4-2 5-3 6-4 7-24 8-16 9-27 10-24 11-6 12-4 13-27 14-24 15-19 16-10 17-12 18-19 19-14 20-20 21-12 22-24 23-34 24-27 25-19 26-24 27-10 28-27 29-21 30-12 31-24 32-24 33-19 34-19 35-24 36-34 37-19 38-27 39-24 40-19 41-27 42-19 43-34 
0-0 1-4 2-1 3-5 4-3 5-4 6-4 7-5 8-4 9-4 10-0 11-4 12-5 13-5 14-4 15-2 16-4 17-4 18-12 19-8 20-15 21-14 22-4 23-4 24-5 25-8 26-3 27-4 28-4 29-2 30-5 31-4 32-4 33-5 34-8 35-5 36-4 37-5 38-4 39-4 40-8 41-4 42-4 43-5 44-30 
0-0 1-2 2-5 3-2 4-2 5-2 6-4 7-5 8-2 9-2 10-2 11-5 12-2 13-2 14-11 15-2 16-2 17-11 18-2 19-2 20-11 21-10 22-13 
0-32 1-10 2-32 3-5 4-3 5-32 6-4 7-3 8-6 9-2 10-6 11-6 12-10 13-3 14-6 15-4 16-7 17-3 18-6 19-4 20-10 21-6 22-4 23-3 24-4 25-10 26-6 27-18 28-10 29-16 30-6 31-3 32-3 33-4 34-18 35-4 36-3 37-4 38-6 39-4 40-3 41-18 42-4 43-10 44-3 45-25 46-16 47-3 48-18 49-4 50-4 51-6 52-18 53-4 54-32 
0-0 1-2 2-2 3-0 4-2 5-0 6-2 7-0 8-2 9-4 10-3 11-36 12-0 13-6 14-7 15-8 16-0 17-36 18-13 19-12 20-11 21-14 22-0 23-14 24-36 25-2 26-36 27-6 28-36 29-2 30-0 31-36 32-2 33-0 34-18 35-0 36-2 37-2 38-0 39-14 40-1 41-4 42-6 43-14 44-14 45-0 46-2 47-18 48-1 49-0 50-6 51-2 52-11 53-2 54-11 55-36 
0-0 1-0 2-0 
0-0 1-1 2-1 3-1 
0-0 1-1 2-1 3-3 4-4 5-5 6-6 7-7 8-3 9-9 
0-0 1-7 2-1 3-2 4-3 5-4 6-7 7-3 8-5 9-5 10-14 11-7 12-8 13-9 14-10 15-3 16-27 17-34 18-14 19-15 20-7 21-16 22-17 23-18 24-20 25-27 26-23 27-7 28-24 29-7 30-7 31-13 32-17 33-7 34-33 35-17 36-32 37-34 
0-0 1-1 2-2 3-3 4-4 5-4 6-12 7-0 8-2 9-2 10-0 11-8 12-7 13-4 14-10 15-11 16-0 17-12 18-13 19-15 20-15 21-16 22-0 23-0 24-19 25-2 26-18 27-20 
0-13 1-13 2-1 3-13 4-3 5-3 6-13 7-7 8-8 9-2 10-9 11-10 12-3 13-7 14-13 15-15 16-5 17-13 18-17 19-18 
0-8 1-19 2-2 3-1 4-2 5-3 6-0 7-5 8-6 9-4 10-8 11-12 12-11 13-19 14-10 15-12 16-9 17-15 18-12 19-19 
0-0 1-1 2-14 3-5 4-6 5-4 6-5 7-10 8-9 9-4 10-15 11-5 12-14 13-5 14-11 15-5 16-7 17-14 18-19 19-4 20-23 21-4 22-22 23-4 24-15 25-4 26-5 27-19 28-24 
0-5 1-1 2-4 3-0 4-5 5-5 6-5 7-5 
0-17 1-14 2-14 3-4 4-3 5-5 6-2 7-15 8-9 9-15 10-8 11-7 12-15 13-5 14-14 15-13 16-15 17-15 18-16 19-17 
0-5 1-1 2-23 3-6 4-13 5-23 6-1 7-5 8-6 9-1 10-23 11-8 12-9 13-10 14-16 15-20 16-12 17-1 18-15 19-14 20-20 21-18 22-23 23-17 24-20 25-15 26-20 27-26 28-1 29-26 
0-8 1-1 2-2 3-3 4-5 5-4 6-7 7-8 8-9 9-9 10-10 
0-0 1-1 2-2 
0-0 1-2 2-0 3-4 4-5 5-4 6-7 
0-0 1-0 2-0 
0-0 1-0 
0-0 1-7 2-1 3-1 4-3 5-4 6-5 7-4 8-7 9-8 10-7 11-3 12-10 
0-0 1-8 2-1 3-2 4-3 5-4 6-8 7-3 8-5 9-5 10-16 11-6 12-21 13-16 14-16 15-8 16-9 17-10 18-16 19-8 20-12 21-21 22-11 23-7 24-16 25-8 26-18 27-10 28-16 29-8 30-14 31-21 32-22 33-22 34-24 
0-12 1-8 2-2 3-12 4-8 5-4 6-5 7-8 8-6 9-12 10-7 11-8 12-2 13-12 
0-0 1-1 2-6 3-5 4-6 5-1 6-8 7-9 8-10 9-11 10-1 11-2 12-11 13-1 14-6 15-16 16-17 17-11 18-19 19-8 20-1 21-8 22-23 23-10 24-1 25-10 26-6 27-11 28-1 29-2 30-10 31-1 32-11 33-1 34-32 
0-2 1-1 2-2 3-8 4-3 5-4 6-5 7-6 8-7 9-8 10-14 11-8 12-14 13-11 14-14 15-2 16-14 17-11 18-2 19-8 20-7 21-2 22-2 23-11 24-14 
0-22 1-1 2-2 3-3 4-4 5-8 6-10 7-7 8-1 9-8 10-13 11-13 12-22 13-1 14-13 15-8 16-8 17-10 18-21 19-4 20-0 21-6 22-8 23-22 
0-3 1-1 2-0 3-3 4-4 5-4 6-19 7-1 8-12 9-3 10-1 11-12 12-12 13-1 14-11 15-1 16-7 17-11 18-14 19-30 20-12 21-1 22-21 23-30 
0-0 1-1 2-1 3-13 4-3 5-13 6-4 7-13 8-9 9-13 10-6 11-10 12-10 13-13 14-13 15-7 16-9 17-7 18-13 19-13 
0-0 1-2 2-3 3-19 4-4 5-5 6-6 7-2 8-5 9-12 10-15 11-7 12-8 13-9 14-10 15-5 16-2 17-26 18-5 19-19 20-16 21-9 22-28 23-28 24-15 25-5 26-5 27-21 28-9 29-4 30-15 31-9 32-13 33-30 
0-0 1-0 2-0 
0-0 1-0 
0-0 1-8 2-1 3-1 4-3 5-4 6-5 7-6 8-7 9-8 10-3 11-10 
0-0 1-5 2-1 3-2 4-3 5-4 6-2 7-9 8-20 9-17 10-5 11-2 12-2 13-5 14-5 15-7 16-6 17-7 18-2 19-9 20-7 21-5 22-11 23-5 24-5 25-14 26-2 27-14 28-20 
0-0 1-6 2-2 3-14 4-2 5-4 6-5 7-14 8-10 9-14 10-10 11-11 12-2 13-14 14-14 
0-0 1-1 2-22 3-2 4-3 5-22 6-5 7-6 8-4 9-12 10-22 11-7 12-8 13-30 14-9 15-4 16-6 17-22 18-10 19-22 20-16 21-22 22-4 23-9 24-4 25-22 26-13 27-22 28-13 29-22 30-4 31-9 32-9 33-9 34-9 35-7 36-9 37-22 38-28 39-4 40-22 41-9 42-22 43-7 44-9 45-30 
0-0 1-11 2-7 3-2 4-28 5-11 6-5 7-7 8-8 9-24 10-37 11-11 12-13 13-0 14-11 15-5 16-11 17-16 18-37 19-25 20-11 21-0 22-0 23-9 24-11 25-16 26-22 27-7 28-24 29-25 30-25 31-0 32-0 33-27 34-13 35-0 36-32 37-13 38-25 39-7 40-11 41-37 42-34 43-37 
0-12 1-9 2-12 3-9 4-6 5-6 6-8 7-9 8-9 9-12 10-9 11-6 12-1 13-9 14-6 15-10 16-6 17-12 18-15 19-16 20-23 21-2 22-12 23-1 24-17 25-12 26-6 27-14 28-6 29-14 30-6 31-12 32-19 33-6 34-23 35-0 36-22 37-23 
0-0 1-16 2-14 3-3 4-4 5-7 6-5 7-6 8-14 9-7 10-7 11-7 12-16 13-10 14-5 15-16 16-14 17-1 18-16 19-7 20-22 21-7 22-16 23-0 24-6 25-35 26-20 27-26 28-22 29-23 30-35 31-16 32-27 33-3 34-27 35-14 36-16 37-0 38-1 39-16 40-16 41-14 42-14 43-35 44-16 45-7 46-1 47-0 48-14 49-1 50-34 51-35 
0-0 1-0 2-0 
0-0 1-0 
0-0 1-7 2-1 3-1 4-3 5-4 6-5 7-4 8-7 9-8 10-3 11-10 
0-0 1-10 2-1 3-2 4-3 5-7 6-5 7-21 8-4 9-7 10-8 11-9 12-10 13-12 14-11 15-7 16-14 17-2 18-29 19-32 20-21 21-10 22-8 23-10 24-10 25-18 26-17 27-32 28-19 29-2 30-7 31-7 32-18 33-10 34-10 35-10 36-26 37-25 38-21 39-4 40-29 41-31 42-4 43-32 
0-0 1-1 2-2 3-9 4-9 5-7 6-9 7-9 8-9 9-13 10-7 11-9 12-7 13-19 14-22 15-15 16-22 17-9 18-13 19-16 20-24 
0-2 1-0 2-4 3-7 4-4 5-5 6-2 7-8 8-0 9-4 10-2 11-0 12-1 13-2 14-14 15-7 16-0 17-2 18-0 19-11 20-12 21-2 22-0 23-13 24-14 
0-24 1-3 2-11 3-2 4-11 5-11 6-0 7-13 8-24 9-2 10-11 11-11 12-14 13-24 14-2 15-3 16-11 17-36 18-62 19-46 20-17 21-2 22-11 23-18 24-20 25-26 26-3 27-0 28-2 29-3 30-23 31-23 32-24 33-3 34-31 35-24 36-3 37-33 38-9 39-3 40-37 41-36 42-38 43-62 44-15 45-3 46-11 47-2 48-3 49-45 50-11 51-24 52-0 53-11 54-9 55-2 56-3 57-55 58-2 59-3 60-11 61-9 62-0 63-11 64-55 65-57 66-56 67-26 68-3 69-61 70-11 71-62 
0-0 1-0 2-0 
0-0 1-0 2-2 3-2 
0-0 1-1 2-1 3-3 4-4 5-5 6-4 7-5 8-17 9-5 10-4 11-5 12-4 13-15 14-16 15-17 16-3 17-19 
