Training with Bruce's Algorithm...
Training initial probabilities----------For french word: None
tot count 0 should equal 0.0 tot prob 0
Training round 0----------For french word: avec
with                3.89130751457       0.166944826182      
the                 2.60594512138       0.111800224912      
to                  1.72540865324       0.0740234603997     
and                 1.55474954862       0.066701845634      
.                   1.3662727094        0.0586158146418     
tot count 23.3089434609 should equal 23.3089434609 tot prob 1.0
Training round 1----------For french word: avec
with                11.1922763064       0.39855883231       
the                 2.61177091949       0.0930055995254     
to                  1.98876760223       0.0708203471377     
and                 1.68765073466       0.0600975250911     
.                   1.27876024474       0.045536866317      
tot count 28.0818674662 should equal 28.0818674662 tot prob 1.0
Training round 2----------For french word: avec
with                19.5220642571       0.603472888637      
the                 2.11900744789       0.0655035004895     
to                  1.8414198424        0.0569226151935     
and                 1.4046619132        0.0434214010955     
work                1.21669437992       0.0376108828641     
tot count 32.3495299038 should equal 32.3495299038 tot prob 1.0
Training round 3----------For french word: avec
with                24.9338871079       0.736547278896      
the                 1.51443539831       0.044736437077      
to                  1.50417432231       0.0444333247878     
work                1.02172503491       0.0301817679283     
and                 0.992832765764      0.0293282900038     
tot count 33.852391859 should equal 33.852391859 tot prob 1.0
Training round 4----------For french word: avec
with                28.099363011        0.819944065715      
to                  1.19840514726       0.0349696606445     
the                 1.04830094928       0.0305895952911     
will                0.849135587678      0.0247779170592     
work                0.74184620181       0.0216471950133     
tot count 34.2698535009 should equal 34.2698535009 tot prob 1.0
Training round 5----------For french word: avec
with                30.0695225105       0.873529672197      
to                  0.959651892565      0.0278782080042     
will                0.761048494665      0.0221087129614     
the                 0.723079879227      0.0210057120013     
work                0.502602054917      0.0146007575652     
tot count 34.4230121398 should equal 34.4230121398 tot prob 1.0
Training round 6----------For french word: avec
with                31.3805374951       0.909028889817      
to                  0.775685855051      0.0224700055496     
will                0.673815251495      0.0195190260875     
the                 0.499158040469      0.0144595700262     
work                0.328452441229      0.00951458393773    
tot count 34.5209463051 should equal 34.5209463051 tot prob 1.0
Training round 7----------For french word: avec
with                32.2903844474       0.933228466231      
to                  0.632008975526      0.0182657709708     
will                0.586891218417      0.0169618169923     
the                 0.344639417573      0.00996046719692    
work                0.210596168114      0.00608646636842    
tot count 34.6007281345 should equal 34.6007281345 tot prob 1.0
Training round 8----------For french word: avec
with                32.9398588599       0.950151821842      
to                  0.518113392079      0.0149450058514     
will                0.502534880732      0.0144956429381     
the                 0.237757676111      0.00685813166578    
work                0.13375136881       0.00385806470177    
tot count 34.6679952642 should equal 34.6679952642 tot prob 1.0
Training round 9----------For french word: avec
with                33.4146605284       0.962250823269      
to                  0.426761377531      0.0122895603419     
will                0.42382340979       0.0122049549073     
the                 0.163770479958      0.00471614185732    
and                 0.0862975978141     0.00248513476509    
tot count 34.7255203325 should equal 34.7255203325 tot prob 1.0
